INFO 2025-02-08 18:27:45,518 autoreload Watching for file changes with StatReloader
DEBUG 2025-02-08 18:27:45,519 autoreload Waiting for apps ready_event.
DEBUG 2025-02-08 18:27:45,541 autoreload Apps ready_event triggered. Sending autoreload_started signal.
DEBUG 2025-02-08 18:27:45,563 autoreload Watching dir /home/user1/dev/locale with glob **/*.mo.
DEBUG 2025-02-08 18:27:45,709 autoreload File /usr/local/lib/python3.12/lib-dynload/_pickle.cpython-312-x86_64-linux-gnu.so first seen with mtime 1723515699.0
DEBUG 2025-02-08 18:27:45,710 autoreload File /usr/local/lib/python3.12/site-packages/django/db/models/fields/mixins.py first seen with mtime 1738622466.3615332
DEBUG 2025-02-08 18:27:45,710 autoreload File /usr/local/lib/python3.12/locale.py first seen with mtime 1723515688.0
DEBUG 2025-02-08 18:27:45,710 autoreload File /usr/local/lib/python3.12/site-packages/django/contrib/__init__.py first seen with mtime 1738622464.2039359
DEBUG 2025-02-08 18:27:45,711 autoreload File /usr/local/lib/python3.12/collections/abc.py first seen with mtime 1723515688.0
DEBUG 2025-02-08 18:27:45,712 autoreload File /usr/local/lib/python3.12/site-packages/django/core/files/images.py first seen with mtime 1738622466.257533
DEBUG 2025-02-08 18:27:45,712 autoreload File /usr/local/lib/python3.12/asyncio/subprocess.py first seen with mtime 1723515688.0
DEBUG 2025-02-08 18:27:45,712 autoreload File /usr/local/lib/python3.12/pprint.py first seen with mtime 1723515688.0
DEBUG 2025-02-08 18:27:45,713 autoreload File /usr/local/lib/python3.12/site-packages/django/contrib/contenttypes/models.py first seen with mtime 1738622465.050533
DEBUG 2025-02-08 18:27:45,713 autoreload File /usr/local/lib/python3.12/site-packages/django/db/models/fields/related_descriptors.py first seen with mtime 1738622466.363533
DEBUG 2025-02-08 18:27:45,714 autoreload File /usr/local/lib/python3.12/asyncio/timeouts.py first seen with mtime 1723515688.0
DEBUG 2025-02-08 18:27:45,714 autoreload File /usr/local/lib/python3.12/site-packages/django/dispatch/dispatcher.py first seen with mtime 1738622466.3745332
DEBUG 2025-02-08 18:27:45,715 autoreload File /usr/local/lib/python3.12/site-packages/psycopg2/extras.py first seen with mtime 1738622459.5589359
DEBUG 2025-02-08 18:27:45,715 autoreload File /usr/local/lib/python3.12/site-packages/django/core/management/base.py first seen with mtime 1738622466.271533
DEBUG 2025-02-08 18:27:45,716 autoreload File /usr/local/lib/python3.12/site-packages/sqlparse/formatter.py first seen with mtime 1738622459.3669357
DEBUG 2025-02-08 18:27:45,716 autoreload File /usr/local/lib/python3.12/site-packages/django/db/backends/postgresql/creation.py first seen with mtime 1738622466.314533
DEBUG 2025-02-08 18:27:45,716 autoreload File /usr/local/lib/python3.12/site-packages/django/template/response.py first seen with mtime 1738622466.426533
DEBUG 2025-02-08 18:27:45,717 autoreload File /usr/local/lib/python3.12/site-packages/django/forms/forms.py first seen with mtime 1738622466.375533
DEBUG 2025-02-08 18:27:45,717 autoreload File /usr/local/lib/python3.12/email/mime/__init__.py first seen with mtime 1723515688.0
DEBUG 2025-02-08 18:27:45,718 autoreload File /usr/local/lib/python3.12/site-packages/django/http/response.py first seen with mtime 1738622466.4145331
DEBUG 2025-02-08 18:27:45,718 autoreload File /usr/local/lib/python3.12/site-packages/django/utils/formats.py first seen with mtime 1738622466.452533
DEBUG 2025-02-08 18:27:45,719 autoreload File /usr/local/lib/python3.12/site-packages/psycopg2/_psycopg.cpython-312-x86_64-linux-gnu.so first seen with mtime 1738622459.5539358
DEBUG 2025-02-08 18:27:45,719 autoreload File /usr/local/lib/python3.12/site-packages/django/core/files/locks.py first seen with mtime 1738622466.257533
DEBUG 2025-02-08 18:27:45,720 autoreload File /usr/local/lib/python3.12/dataclasses.py first seen with mtime 1723515688.0
DEBUG 2025-02-08 18:27:45,720 autoreload File /usr/local/lib/python3.12/site-packages/django/views/static.py first seen with mtime 1738622466.468533
DEBUG 2025-02-08 18:27:45,720 autoreload File /usr/local/lib/python3.12/site-packages/django/template/base.py first seen with mtime 1738622466.422533
DEBUG 2025-02-08 18:27:45,721 autoreload File /usr/local/lib/python3.12/site-packages/django/utils/dates.py first seen with mtime 1738622466.449533
DEBUG 2025-02-08 18:27:45,722 autoreload File /usr/local/lib/python3.12/importlib/_abc.py first seen with mtime 1723515689.0
DEBUG 2025-02-08 18:27:45,722 autoreload File /usr/local/lib/python3.12/site-packages/django/contrib/contenttypes/management/__init__.py first seen with mtime 1738622465.167533
DEBUG 2025-02-08 18:27:45,722 autoreload File /usr/local/lib/python3.12/site-packages/django/db/models/sql/query.py first seen with mtime 1738622466.372533
DEBUG 2025-02-08 18:27:45,723 autoreload File /usr/local/lib/python3.12/site-packages/environ/__init__.py first seen with mtime 1738622460.1249359
DEBUG 2025-02-08 18:27:45,723 autoreload File /usr/local/lib/python3.12/site-packages/django/forms/widgets.py first seen with mtime 1738622466.3785331
DEBUG 2025-02-08 18:27:45,723 autoreload File /usr/local/lib/python3.12/importlib/__init__.py first seen with mtime 1723515689.0
DEBUG 2025-02-08 18:27:45,724 autoreload File /usr/local/lib/python3.12/argparse.py first seen with mtime 1723515688.0
DEBUG 2025-02-08 18:27:45,724 autoreload File /usr/local/lib/python3.12/site-packages/django/urls/base.py first seen with mtime 1738622466.442533
DEBUG 2025-02-08 18:27:45,725 autoreload File /usr/local/lib/python3.12/mimetypes.py first seen with mtime 1723515688.0
DEBUG 2025-02-08 18:27:45,725 autoreload File /usr/local/lib/python3.12/lib-dynload/_queue.cpython-312-x86_64-linux-gnu.so first seen with mtime 1723515699.0
DEBUG 2025-02-08 18:27:45,726 autoreload File /usr/local/lib/python3.12/site-packages/django/core/checks/templates.py first seen with mtime 1738622466.252533
DEBUG 2025-02-08 18:27:45,726 autoreload File /usr/local/lib/python3.12/asyncio/exceptions.py first seen with mtime 1723515688.0
DEBUG 2025-02-08 18:27:45,726 autoreload File /usr/local/lib/python3.12/asyncio/base_futures.py first seen with mtime 1723515688.0
DEBUG 2025-02-08 18:27:45,727 autoreload File /usr/local/lib/python3.12/site-packages/django/template/loaders/cached.py first seen with mtime 1738622466.432533
DEBUG 2025-02-08 18:27:45,727 autoreload File /usr/local/lib/python3.12/logging/handlers.py first seen with mtime 1723515689.0
DEBUG 2025-02-08 18:27:45,728 autoreload File /usr/local/lib/python3.12/email/base64mime.py first seen with mtime 1723515688.0
DEBUG 2025-02-08 18:27:45,728 autoreload File /usr/local/lib/python3.12/struct.py first seen with mtime 1723515688.0
DEBUG 2025-02-08 18:27:45,728 autoreload File /usr/local/lib/python3.12/site-packages/django/core/mail/message.py first seen with mtime 1738622466.2665331
DEBUG 2025-02-08 18:27:45,729 autoreload File /usr/local/lib/python3.12/lib-dynload/_opcode.cpython-312-x86_64-linux-gnu.so first seen with mtime 1723515699.0
DEBUG 2025-02-08 18:27:45,729 autoreload File /usr/local/lib/python3.12/site-packages/django/db/migrations/operations/base.py first seen with mtime 1738622466.3455331
DEBUG 2025-02-08 18:27:45,730 autoreload File /usr/local/lib/python3.12/email/errors.py first seen with mtime 1723515688.0
DEBUG 2025-02-08 18:27:45,730 autoreload File /usr/local/lib/python3.12/site-packages/django/db/models/sql/datastructures.py first seen with mtime 1738622466.370533
DEBUG 2025-02-08 18:27:45,730 autoreload File /usr/local/lib/python3.12/email/mime/base.py first seen with mtime 1723515688.0
DEBUG 2025-02-08 18:27:45,731 autoreload File /usr/local/lib/python3.12/queue.py first seen with mtime 1723515688.0
DEBUG 2025-02-08 18:27:45,731 autoreload File /usr/local/lib/python3.12/email/mime/text.py first seen with mtime 1723515688.0
DEBUG 2025-02-08 18:27:45,732 autoreload File /usr/local/lib/python3.12/site-packages/django/utils/timesince.py first seen with mtime 1738622466.4605331
DEBUG 2025-02-08 18:27:45,732 autoreload File /usr/local/lib/python3.12/site-packages/django/core/servers/basehttp.py first seen with mtime 1738622466.290533
DEBUG 2025-02-08 18:27:45,732 autoreload File /usr/local/lib/python3.12/site-packages/django/templatetags/i18n.py first seen with mtime 1738622466.434533
DEBUG 2025-02-08 18:27:45,733 autoreload File /usr/local/lib/python3.12/email/feedparser.py first seen with mtime 1723515688.0
DEBUG 2025-02-08 18:27:45,734 autoreload File /usr/local/lib/python3.12/site-packages/django/views/decorators/csrf.py first seen with mtime 1738622466.471533
DEBUG 2025-02-08 18:27:45,734 autoreload File /usr/local/lib/python3.12/site-packages/django/db/models/fields/json.py first seen with mtime 1738622466.3615332
DEBUG 2025-02-08 18:27:45,734 autoreload File /usr/local/lib/python3.12/site-packages/sqlparse/utils.py first seen with mtime 1738622459.3689358
DEBUG 2025-02-08 18:27:45,735 autoreload File /usr/local/lib/python3.12/site-packages/django/contrib/admin/models.py first seen with mtime 1738622464.2169359
DEBUG 2025-02-08 18:27:45,735 autoreload File /usr/local/lib/python3.12/site-packages/django/db/backends/base/features.py first seen with mtime 1738622466.295533
DEBUG 2025-02-08 18:27:45,736 autoreload File /usr/local/lib/python3.12/site-packages/django/middleware/cache.py first seen with mtime 1738622466.415533
DEBUG 2025-02-08 18:27:45,736 autoreload File /usr/local/lib/python3.12/http/server.py first seen with mtime 1723515688.0
DEBUG 2025-02-08 18:27:45,736 autoreload File /usr/local/lib/python3.12/site-packages/django/urls/resolvers.py first seen with mtime 1738622466.444533
DEBUG 2025-02-08 18:27:45,737 autoreload File /usr/local/lib/python3.12/lib-dynload/select.cpython-312-x86_64-linux-gnu.so first seen with mtime 1723515699.0
DEBUG 2025-02-08 18:27:45,737 autoreload File /usr/local/lib/python3.12/site-packages/django/db/models/sql/subqueries.py first seen with mtime 1738622466.373533
DEBUG 2025-02-08 18:27:45,738 autoreload File /usr/local/lib/python3.12/quopri.py first seen with mtime 1723515688.0
DEBUG 2025-02-08 18:27:45,738 autoreload File /usr/local/lib/python3.12/site-packages/django/conf/__init__.py first seen with mtime 1738622463.7339358
DEBUG 2025-02-08 18:27:45,739 autoreload File /usr/local/lib/python3.12/email/generator.py first seen with mtime 1723515688.0
DEBUG 2025-02-08 18:27:45,739 autoreload File /usr/local/lib/python3.12/lib-dynload/_random.cpython-312-x86_64-linux-gnu.so first seen with mtime 1723515699.0
DEBUG 2025-02-08 18:27:45,739 autoreload File /usr/local/lib/python3.12/site-packages/django/views/debug.py first seen with mtime 1738622466.467533
DEBUG 2025-02-08 18:27:45,740 autoreload File /usr/local/lib/python3.12/site-packages/django/core/signing.py first seen with mtime 1738622466.242533
DEBUG 2025-02-08 18:27:45,741 autoreload File /usr/local/lib/python3.12/site-packages/sqlparse/engine/grouping.py first seen with mtime 1738622459.3699358
DEBUG 2025-02-08 18:27:45,741 autoreload File /usr/local/lib/python3.12/asyncio/coroutines.py first seen with mtime 1723515688.0
DEBUG 2025-02-08 18:27:45,742 autoreload File /usr/local/lib/python3.12/site-packages/django/db/migrations/operations/__init__.py first seen with mtime 1738622466.3455331
DEBUG 2025-02-08 18:27:45,742 autoreload File /usr/local/lib/python3.12/site-packages/django/core/signals.py first seen with mtime 1738622466.242533
DEBUG 2025-02-08 18:27:45,742 autoreload File /usr/local/lib/python3.12/site-packages/django/template/backends/django.py first seen with mtime 1738622466.428533
DEBUG 2025-02-08 18:27:45,743 autoreload File /usr/local/lib/python3.12/site-packages/django/core/handlers/__init__.py first seen with mtime 1738622466.263533
DEBUG 2025-02-08 18:27:45,743 autoreload File /usr/local/lib/python3.12/types.py first seen with mtime 1723515688.0
DEBUG 2025-02-08 18:27:45,744 autoreload File /usr/local/lib/python3.12/site-packages/django/utils/cache.py first seen with mtime 1738622466.446533
DEBUG 2025-02-08 18:27:45,744 autoreload File /usr/local/lib/python3.12/site-packages/django/contrib/messages/utils.py first seen with mtime 1738622465.657533
DEBUG 2025-02-08 18:27:45,745 autoreload File /usr/local/lib/python3.12/base64.py first seen with mtime 1723515688.0
DEBUG 2025-02-08 18:27:45,745 autoreload File /usr/local/lib/python3.12/site-packages/django/template/loaders/app_directories.py first seen with mtime 1738622466.431533
DEBUG 2025-02-08 18:27:45,746 autoreload File /usr/local/lib/python3.12/site-packages/django/utils/text.py first seen with mtime 1738622466.4605331
DEBUG 2025-02-08 18:27:45,746 autoreload File /usr/local/lib/python3.12/ssl.py first seen with mtime 1723515688.0
DEBUG 2025-02-08 18:27:45,746 autoreload File /usr/local/lib/python3.12/threading.py first seen with mtime 1723515688.0
DEBUG 2025-02-08 18:27:45,747 autoreload File /usr/local/lib/python3.12/email/mime/nonmultipart.py first seen with mtime 1723515688.0
DEBUG 2025-02-08 18:27:45,747 autoreload File /usr/local/lib/python3.12/site-packages/django/views/i18n.py first seen with mtime 1738622466.468533
DEBUG 2025-02-08 18:27:45,748 autoreload File /usr/local/lib/python3.12/site-packages/django/template/defaultfilters.py first seen with mtime 1738622466.423533
DEBUG 2025-02-08 18:27:45,748 autoreload File /usr/local/lib/python3.12/site-packages/django/views/generic/__init__.py first seen with mtime 1738622466.4735332
DEBUG 2025-02-08 18:27:45,748 autoreload File /usr/local/lib/python3.12/site-packages/django/core/checks/registry.py first seen with mtime 1738622466.251533
DEBUG 2025-02-08 18:27:45,749 autoreload File /usr/local/lib/python3.12/re/_casefix.py first seen with mtime 1723515689.0
DEBUG 2025-02-08 18:27:45,749 autoreload File /usr/local/lib/python3.12/zoneinfo/_common.py first seen with mtime 1723515689.0
DEBUG 2025-02-08 18:27:45,750 autoreload File /usr/local/lib/python3.12/dis.py first seen with mtime 1723515688.0
DEBUG 2025-02-08 18:27:45,750 autoreload File /usr/local/lib/python3.12/re/_compiler.py first seen with mtime 1723515689.0
DEBUG 2025-02-08 18:27:45,750 autoreload File /usr/local/lib/python3.12/site-packages/django/utils/translation/__init__.py first seen with mtime 1738622466.464533
DEBUG 2025-02-08 18:27:45,751 autoreload File /usr/local/lib/python3.12/urllib/request.py first seen with mtime 1723515689.0
DEBUG 2025-02-08 18:27:45,751 autoreload File /usr/local/lib/python3.12/lzma.py first seen with mtime 1723515688.0
DEBUG 2025-02-08 18:27:45,752 autoreload File /usr/local/lib/python3.12/site-packages/django/db/backends/base/introspection.py first seen with mtime 1738622466.296533
DEBUG 2025-02-08 18:27:45,752 autoreload File /usr/local/lib/python3.12/site-packages/django/core/checks/__init__.py first seen with mtime 1738622466.248533
DEBUG 2025-02-08 18:27:45,752 autoreload File /usr/local/lib/python3.12/zoneinfo/__init__.py first seen with mtime 1723515689.0
DEBUG 2025-02-08 18:27:45,753 autoreload File /usr/local/lib/python3.12/site-packages/django/contrib/admin/templatetags/admin_modify.py first seen with mtime 1738622464.572533
DEBUG 2025-02-08 18:27:45,753 autoreload File /usr/local/lib/python3.12/site-packages/django/contrib/auth/backends.py first seen with mtime 1738622464.873533
DEBUG 2025-02-08 18:27:45,754 autoreload File /usr/local/lib/python3.12/site-packages/django/core/cache/backends/base.py first seen with mtime 1738622466.2435331
DEBUG 2025-02-08 18:27:45,754 autoreload File /usr/local/lib/python3.12/site-packages/django/core/checks/security/base.py first seen with mtime 1738622466.255533
DEBUG 2025-02-08 18:27:45,755 autoreload File /usr/local/lib/python3.12/tempfile.py first seen with mtime 1723515688.0
DEBUG 2025-02-08 18:27:45,755 autoreload File /usr/local/lib/python3.12/token.py first seen with mtime 1723515688.0
DEBUG 2025-02-08 18:27:45,755 autoreload File /usr/local/lib/python3.12/site-packages/django/utils/termcolors.py first seen with mtime 1738622466.459533
DEBUG 2025-02-08 18:27:45,756 autoreload File /usr/local/lib/python3.12/site-packages/django/contrib/admin/templatetags/log.py first seen with mtime 1738622464.573533
DEBUG 2025-02-08 18:27:45,756 autoreload File /usr/local/lib/python3.12/site-packages/django/db/backends/postgresql/psycopg_any.py first seen with mtime 1738622466.329533
DEBUG 2025-02-08 18:27:45,757 autoreload File /usr/local/lib/python3.12/site-packages/django/utils/regex_helper.py first seen with mtime 1738622466.458533
DEBUG 2025-02-08 18:27:45,758 autoreload File /usr/local/lib/python3.12/operator.py first seen with mtime 1723515688.0
DEBUG 2025-02-08 18:27:45,759 autoreload File /usr/local/lib/python3.12/site-packages/django/contrib/auth/validators.py first seen with mtime 1738622464.893533
DEBUG 2025-02-08 18:27:45,760 autoreload File /usr/local/lib/python3.12/site-packages/django/core/files/storage/memory.py first seen with mtime 1738622466.262533
DEBUG 2025-02-08 18:27:45,760 autoreload File /usr/local/lib/python3.12/site-packages/django/contrib/auth/models.py first seen with mtime 1738622464.890533
DEBUG 2025-02-08 18:27:45,761 autoreload File /usr/local/lib/python3.12/site-packages/django/db/migrations/utils.py first seen with mtime 1738622466.344533
DEBUG 2025-02-08 18:27:45,762 autoreload File /usr/local/lib/python3.12/site-packages/sqlparse/tokens.py first seen with mtime 1738622459.3679357
DEBUG 2025-02-08 18:27:45,762 autoreload File /usr/local/lib/python3.12/site-packages/django/core/files/__init__.py first seen with mtime 1738622466.2565331
DEBUG 2025-02-08 18:27:45,764 autoreload File /usr/local/lib/python3.12/lib-dynload/_zoneinfo.cpython-312-x86_64-linux-gnu.so first seen with mtime 1723515699.0
DEBUG 2025-02-08 18:27:45,765 autoreload File /usr/local/lib/python3.12/decimal.py first seen with mtime 1723515688.0
DEBUG 2025-02-08 18:27:45,766 autoreload File /usr/local/lib/python3.12/site-packages/django/db/migrations/operations/special.py first seen with mtime 1738622466.347533
DEBUG 2025-02-08 18:27:45,767 autoreload File /usr/local/lib/python3.12/asyncio/threads.py first seen with mtime 1723515688.0
DEBUG 2025-02-08 18:27:45,767 autoreload File /usr/local/lib/python3.12/site-packages/django/template/defaulttags.py first seen with mtime 1738622466.4245331
DEBUG 2025-02-08 18:27:45,768 autoreload File /usr/local/lib/python3.12/copyreg.py first seen with mtime 1723515688.0
DEBUG 2025-02-08 18:27:45,768 autoreload File /usr/local/lib/python3.12/copy.py first seen with mtime 1723515688.0
DEBUG 2025-02-08 18:27:45,769 autoreload File /usr/local/lib/python3.12/site-packages/django/db/backends/base/validation.py first seen with mtime 1738622466.298533
DEBUG 2025-02-08 18:27:45,769 autoreload File /usr/local/lib/python3.12/site-packages/django/db/backends/__init__.py first seen with mtime 1738622466.2925332
DEBUG 2025-02-08 18:27:45,770 autoreload File /usr/local/lib/python3.12/site-packages/django/core/handlers/wsgi.py first seen with mtime 1738622466.265533
DEBUG 2025-02-08 18:27:45,771 autoreload File /usr/local/lib/python3.12/site-packages/django/utils/itercompat.py first seen with mtime 1738622466.456533
DEBUG 2025-02-08 18:27:45,771 autoreload File /usr/local/lib/python3.12/site-packages/django/db/models/functions/datetime.py first seen with mtime 1738622466.366533
DEBUG 2025-02-08 18:27:45,772 autoreload File /usr/local/lib/python3.12/site-packages/django/db/backends/base/base.py first seen with mtime 1738622466.294533
DEBUG 2025-02-08 18:27:45,772 autoreload File /usr/local/lib/python3.12/site-packages/django/urls/converters.py first seen with mtime 1738622466.442533
DEBUG 2025-02-08 18:27:45,773 autoreload File /usr/local/lib/python3.12/logging/__init__.py first seen with mtime 1723515689.0
DEBUG 2025-02-08 18:27:45,773 autoreload File /usr/local/lib/python3.12/traceback.py first seen with mtime 1723515688.0
DEBUG 2025-02-08 18:27:45,774 autoreload File /usr/local/lib/python3.12/site-packages/django/contrib/contenttypes/fields.py first seen with mtime 1738622465.048533
DEBUG 2025-02-08 18:27:45,774 autoreload File /usr/local/lib/python3.12/site-packages/django/utils/log.py first seen with mtime 1738622466.4575331
DEBUG 2025-02-08 18:27:45,775 autoreload File /usr/local/lib/python3.12/site-packages/django/db/backends/postgresql/schema.py first seen with mtime 1738622466.329533
DEBUG 2025-02-08 18:27:45,776 autoreload File /usr/local/lib/python3.12/lib-dynload/_datetime.cpython-312-x86_64-linux-gnu.so first seen with mtime 1723515699.0
DEBUG 2025-02-08 18:27:45,777 autoreload File /usr/local/lib/python3.12/site-packages/django/contrib/sessions/base_session.py first seen with mtime 1738622465.995533
DEBUG 2025-02-08 18:27:45,777 autoreload File /usr/local/lib/python3.12/site-packages/django/core/handlers/base.py first seen with mtime 1738622466.264533
DEBUG 2025-02-08 18:27:45,778 autoreload File /usr/local/lib/python3.12/site-packages/sqlparse/filters/others.py first seen with mtime 1738622459.3709357
DEBUG 2025-02-08 18:27:45,778 autoreload File /usr/local/lib/python3.12/site-packages/django/contrib/admin/templatetags/__init__.py first seen with mtime 1738622464.571533
DEBUG 2025-02-08 18:27:45,779 autoreload File /usr/local/lib/python3.12/gettext.py first seen with mtime 1723515688.0
DEBUG 2025-02-08 18:27:45,779 autoreload File /usr/local/lib/python3.12/site-packages/django/core/files/base.py first seen with mtime 1738622466.257533
DEBUG 2025-02-08 18:27:45,780 autoreload File /usr/local/lib/python3.12/site-packages/django/contrib/staticfiles/finders.py first seen with mtime 1738622466.232533
DEBUG 2025-02-08 18:27:45,780 autoreload File /usr/local/lib/python3.12/site-packages/django/contrib/contenttypes/__init__.py first seen with mtime 1738622465.046533
DEBUG 2025-02-08 18:27:45,780 autoreload File /usr/local/lib/python3.12/platform.py first seen with mtime 1723515688.0
DEBUG 2025-02-08 18:27:45,781 autoreload File /usr/local/lib/python3.12/site-packages/django/db/models/constraints.py first seen with mtime 1738622466.350533
DEBUG 2025-02-08 18:27:45,782 autoreload File /usr/local/lib/python3.12/site-packages/django/db/models/functions/mixins.py first seen with mtime 1738622466.367533
DEBUG 2025-02-08 18:27:45,783 autoreload File /usr/local/lib/python3.12/site-packages/django/db/models/expressions.py first seen with mtime 1738622466.352533
DEBUG 2025-02-08 18:27:45,784 autoreload File /usr/local/lib/python3.12/email/quoprimime.py first seen with mtime 1723515688.0
DEBUG 2025-02-08 18:27:45,785 autoreload File /usr/local/lib/python3.12/lib-dynload/unicodedata.cpython-312-x86_64-linux-gnu.so first seen with mtime 1723515699.0
DEBUG 2025-02-08 18:27:45,786 autoreload File /usr/local/lib/python3.12/_sysconfigdata__linux_x86_64-linux-gnu.py first seen with mtime 1723515692.0
DEBUG 2025-02-08 18:27:45,787 autoreload File /usr/local/lib/python3.12/site-packages/django/utils/decorators.py first seen with mtime 1738622466.4505332
DEBUG 2025-02-08 18:27:45,788 autoreload File /usr/local/lib/python3.12/site-packages/django/views/decorators/common.py first seen with mtime 1738622466.471533
DEBUG 2025-02-08 18:27:45,798 autoreload File /usr/local/lib/python3.12/site-packages/django/contrib/messages/constants.py first seen with mtime 1738622465.645533
DEBUG 2025-02-08 18:27:45,804 autoreload File /usr/local/lib/python3.12/site-packages/django/contrib/admin/__init__.py first seen with mtime 1738622464.205936
DEBUG 2025-02-08 18:27:45,806 autoreload File /usr/local/lib/python3.12/site-packages/django/dispatch/__init__.py first seen with mtime 1738622466.373533
DEBUG 2025-02-08 18:27:45,814 autoreload File /usr/local/lib/python3.12/site-packages/django/db/models/lookups.py first seen with mtime 1738622466.354533
DEBUG 2025-02-08 18:27:45,823 autoreload File /usr/local/lib/python3.12/site-packages/django/db/models/fields/proxy.py first seen with mtime 1738622466.362533
DEBUG 2025-02-08 18:27:45,843 autoreload File /usr/local/lib/python3.12/asyncio/streams.py first seen with mtime 1723515688.0
DEBUG 2025-02-08 18:27:45,849 autoreload File /usr/local/lib/python3.12/site-packages/django/core/files/utils.py first seen with mtime 1738622466.2595332
DEBUG 2025-02-08 18:27:45,850 autoreload File /usr/local/lib/python3.12/asyncio/selector_events.py first seen with mtime 1723515688.0
DEBUG 2025-02-08 18:27:45,851 autoreload File /usr/local/lib/python3.12/site-packages/django/utils/functional.py first seen with mtime 1738622466.4535332
DEBUG 2025-02-08 18:27:45,855 autoreload File /usr/local/lib/python3.12/_markupbase.py first seen with mtime 1723515688.0
DEBUG 2025-02-08 18:27:45,855 autoreload File /usr/local/lib/python3.12/site-packages/django/utils/dateparse.py first seen with mtime 1738622466.449533
DEBUG 2025-02-08 18:27:45,856 autoreload File /usr/local/lib/python3.12/lib-dynload/fcntl.cpython-312-x86_64-linux-gnu.so first seen with mtime 1723515699.0
DEBUG 2025-02-08 18:27:45,858 autoreload File /usr/local/lib/python3.12/site-packages/django/contrib/staticfiles/__init__.py first seen with mtime 1738622466.2305331
DEBUG 2025-02-08 18:27:45,858 autoreload File /usr/local/lib/python3.12/site-packages/django/db/migrations/exceptions.py first seen with mtime 1738622466.339533
DEBUG 2025-02-08 18:27:45,859 autoreload File /usr/local/lib/python3.12/site-packages/django/utils/_os.py first seen with mtime 1738622466.445533
DEBUG 2025-02-08 18:27:45,860 autoreload File /usr/local/lib/python3.12/json/scanner.py first seen with mtime 1723515689.0
DEBUG 2025-02-08 18:27:45,861 autoreload File /usr/local/lib/python3.12/glob.py first seen with mtime 1723515688.0
DEBUG 2025-02-08 18:27:45,863 autoreload File /usr/local/lib/python3.12/site-packages/django/template/exceptions.py first seen with mtime 1738622466.425533
DEBUG 2025-02-08 18:27:45,863 autoreload File /usr/local/lib/python3.12/site-packages/django/core/cache/__init__.py first seen with mtime 1738622466.2435331
DEBUG 2025-02-08 18:27:45,864 autoreload File /usr/local/lib/python3.12/site-packages/django/forms/renderers.py first seen with mtime 1738622466.377533
DEBUG 2025-02-08 18:27:45,864 autoreload File /usr/local/lib/python3.12/email/__init__.py first seen with mtime 1723515688.0
DEBUG 2025-02-08 18:27:45,865 autoreload File /usr/local/lib/python3.12/site-packages/sqlparse/exceptions.py first seen with mtime 1738622459.3669357
DEBUG 2025-02-08 18:27:45,866 autoreload File /usr/local/lib/python3.12/site-packages/django/contrib/staticfiles/management/__init__.py first seen with mtime 1738622466.235533
DEBUG 2025-02-08 18:27:45,866 autoreload File /usr/local/lib/python3.12/site-packages/django/template/backends/__init__.py first seen with mtime 1738622466.4275331
DEBUG 2025-02-08 18:27:45,867 autoreload File /usr/local/lib/python3.12/email/_header_value_parser.py first seen with mtime 1723515688.0
DEBUG 2025-02-08 18:27:45,867 autoreload File /usr/local/lib/python3.12/site-packages/django/core/serializers/base.py first seen with mtime 1738622466.287533
DEBUG 2025-02-08 18:27:45,868 autoreload File /usr/local/lib/python3.12/site-packages/django/contrib/staticfiles/checks.py first seen with mtime 1738622466.231533
DEBUG 2025-02-08 18:27:45,868 autoreload File /usr/local/lib/python3.12/site-packages/django/db/migrations/operations/fields.py first seen with mtime 1738622466.3455331
DEBUG 2025-02-08 18:27:45,869 autoreload File /usr/local/lib/python3.12/site-packages/django/middleware/csrf.py first seen with mtime 1738622466.416533
DEBUG 2025-02-08 18:27:45,869 autoreload File /usr/local/lib/python3.12/site-packages/django/db/backends/ddl_references.py first seen with mtime 1738622466.2925332
DEBUG 2025-02-08 18:27:45,870 autoreload File /usr/local/lib/python3.12/site-packages/django/forms/boundfield.py first seen with mtime 1738622466.3745332
DEBUG 2025-02-08 18:27:45,871 autoreload File /usr/local/lib/python3.12/fnmatch.py first seen with mtime 1723515688.0
DEBUG 2025-02-08 18:27:45,872 autoreload File /usr/local/lib/python3.12/site-packages/django/contrib/staticfiles/management/commands/__init__.py first seen with mtime 1738622466.235533
DEBUG 2025-02-08 18:27:45,873 autoreload File /usr/local/lib/python3.12/email/_parseaddr.py first seen with mtime 1723515688.0
DEBUG 2025-02-08 18:27:45,876 autoreload File /usr/local/lib/python3.12/site-packages/django/db/migrations/operations/models.py first seen with mtime 1738622466.346533
DEBUG 2025-02-08 18:27:45,880 autoreload File /usr/local/lib/python3.12/encodings/utf_8_sig.py first seen with mtime 1723515688.0
DEBUG 2025-02-08 18:27:45,880 autoreload File /usr/local/lib/python3.12/site-packages/django/contrib/staticfiles/management/commands/runserver.py first seen with mtime 1738622466.239533
DEBUG 2025-02-08 18:27:45,881 autoreload File /usr/local/lib/python3.12/encodings/__init__.py first seen with mtime 1723515688.0
DEBUG 2025-02-08 18:27:45,882 autoreload File /usr/local/lib/python3.12/numbers.py first seen with mtime 1723515688.0
DEBUG 2025-02-08 18:27:45,882 autoreload File /usr/local/lib/python3.12/site-packages/django/utils/version.py first seen with mtime 1738622466.462533
DEBUG 2025-02-08 18:27:45,884 autoreload File /usr/local/lib/python3.12/_weakrefset.py first seen with mtime 1723515688.0
DEBUG 2025-02-08 18:27:45,885 autoreload File /usr/local/lib/python3.12/site-packages/django/urls/__init__.py first seen with mtime 1738622466.441533
DEBUG 2025-02-08 18:27:45,885 autoreload File /usr/local/lib/python3.12/site-packages/django/utils/hashable.py first seen with mtime 1738622466.454533
DEBUG 2025-02-08 18:27:45,886 autoreload File /usr/local/lib/python3.12/_compat_pickle.py first seen with mtime 1723515688.0
DEBUG 2025-02-08 18:27:45,886 autoreload File /usr/local/lib/python3.12/site-packages/django/db/models/fields/__init__.py first seen with mtime 1738622466.360533
DEBUG 2025-02-08 18:27:45,887 autoreload File /usr/local/lib/python3.12/lib-dynload/_ssl.cpython-312-x86_64-linux-gnu.so first seen with mtime 1723515699.0
DEBUG 2025-02-08 18:27:45,887 autoreload File /usr/local/lib/python3.12/site-packages/django/template/context.py first seen with mtime 1738622466.422533
DEBUG 2025-02-08 18:27:45,888 autoreload File /usr/local/lib/python3.12/site-packages/psycopg2/_range.py first seen with mtime 1738622459.5579357
DEBUG 2025-02-08 18:27:45,888 autoreload File /usr/local/lib/python3.12/zoneinfo/_tzpath.py first seen with mtime 1723515689.0
DEBUG 2025-02-08 18:27:45,889 autoreload File /usr/local/lib/python3.12/site-packages/django/db/models/fields/reverse_related.py first seen with mtime 1738622466.364533
DEBUG 2025-02-08 18:27:45,889 autoreload File /usr/local/lib/python3.12/site-packages/django/db/migrations/migration.py first seen with mtime 1738622466.341533
DEBUG 2025-02-08 18:27:45,890 autoreload File /usr/local/lib/python3.12/site-packages/django/utils/timezone.py first seen with mtime 1738622466.461533
DEBUG 2025-02-08 18:27:45,890 autoreload File /usr/local/lib/python3.12/encodings/utf_8.py first seen with mtime 1723515688.0
DEBUG 2025-02-08 18:27:45,891 autoreload File /usr/local/lib/python3.12/site-packages/django/core/servers/__init__.py first seen with mtime 1738622466.290533
DEBUG 2025-02-08 18:27:45,892 autoreload File /usr/local/lib/python3.12/site-packages/django/utils/topological_sort.py first seen with mtime 1738622466.461533
DEBUG 2025-02-08 18:27:45,892 autoreload File /usr/local/lib/python3.12/site-packages/django/views/generic/base.py first seen with mtime 1738622466.474533
DEBUG 2025-02-08 18:27:45,892 autoreload File /usr/local/lib/python3.12/site-packages/django/core/__init__.py first seen with mtime 1738622466.240533
DEBUG 2025-02-08 18:27:45,893 autoreload File /usr/local/lib/python3.12/site-packages/django/utils/asyncio.py first seen with mtime 1738622466.445533
DEBUG 2025-02-08 18:27:45,894 autoreload File /usr/local/lib/python3.12/string.py first seen with mtime 1723515688.0
DEBUG 2025-02-08 18:27:45,895 autoreload File /usr/local/lib/python3.12/lib-dynload/_sha2.cpython-312-x86_64-linux-gnu.so first seen with mtime 1723515699.0
DEBUG 2025-02-08 18:27:45,895 autoreload File /usr/local/lib/python3.12/lib-dynload/_hashlib.cpython-312-x86_64-linux-gnu.so first seen with mtime 1723515699.0
DEBUG 2025-02-08 18:27:45,896 autoreload File /usr/local/lib/python3.12/email/policy.py first seen with mtime 1723515688.0
DEBUG 2025-02-08 18:27:45,896 autoreload File /home/user1/dev/config/urls.py first seen with mtime 1738622603.0356321
DEBUG 2025-02-08 18:27:45,897 autoreload File /usr/local/lib/python3.12/site-packages/django/contrib/admin/filters.py first seen with mtime 1738622464.2139359
DEBUG 2025-02-08 18:27:45,897 autoreload File /usr/local/lib/python3.12/site-packages/django/core/files/storage/__init__.py first seen with mtime 1738622466.260533
DEBUG 2025-02-08 18:27:45,898 autoreload File /usr/local/lib/python3.12/site-packages/django/contrib/sessions/models.py first seen with mtime 1738622465.9965332
DEBUG 2025-02-08 18:27:45,898 autoreload File /usr/local/lib/python3.12/site-packages/django/templatetags/l10n.py first seen with mtime 1738622466.434533
DEBUG 2025-02-08 18:27:45,899 autoreload File /usr/local/lib/python3.12/asyncio/unix_events.py first seen with mtime 1723515688.0
DEBUG 2025-02-08 18:27:45,899 autoreload File /usr/local/lib/python3.12/site-packages/django/core/files/storage/base.py first seen with mtime 1738622466.260533
DEBUG 2025-02-08 18:27:45,900 autoreload File /usr/local/lib/python3.12/site-packages/django/template/backends/base.py first seen with mtime 1738622466.428533
DEBUG 2025-02-08 18:27:45,901 autoreload File /usr/local/lib/python3.12/difflib.py first seen with mtime 1723515688.0
DEBUG 2025-02-08 18:27:45,901 autoreload File /usr/local/lib/python3.12/textwrap.py first seen with mtime 1723515688.0
DEBUG 2025-02-08 18:27:45,902 autoreload File /usr/local/lib/python3.12/site-packages/django/middleware/security.py first seen with mtime 1738622466.418533
DEBUG 2025-02-08 18:27:45,902 autoreload File /usr/local/lib/python3.12/asyncio/queues.py first seen with mtime 1723515688.0
DEBUG 2025-02-08 18:27:45,903 autoreload File /usr/local/lib/python3.12/site-packages/django/middleware/__init__.py first seen with mtime 1738622466.415533
DEBUG 2025-02-08 18:27:45,903 autoreload File /usr/local/lib/python3.12/site-packages/django/contrib/messages/storage/__init__.py first seen with mtime 1738622465.658533
DEBUG 2025-02-08 18:27:45,903 autoreload File /usr/local/lib/python3.12/pkgutil.py first seen with mtime 1723515688.0
DEBUG 2025-02-08 18:27:45,904 autoreload File /usr/local/lib/python3.12/lib-dynload/math.cpython-312-x86_64-linux-gnu.so first seen with mtime 1723515699.0
DEBUG 2025-02-08 18:27:45,905 autoreload File /usr/local/lib/python3.12/site-packages/django/contrib/staticfiles/apps.py first seen with mtime 1738622466.231533
DEBUG 2025-02-08 18:27:45,905 autoreload File /usr/local/lib/python3.12/site-packages/django/db/migrations/__init__.py first seen with mtime 1738622466.3355331
DEBUG 2025-02-08 18:27:45,906 autoreload File /usr/local/lib/python3.12/site-packages/django/db/models/query.py first seen with mtime 1738622466.357533
DEBUG 2025-02-08 18:27:45,906 autoreload File /usr/local/lib/python3.12/site-packages/environ/compat.py first seen with mtime 1738622460.1249359
DEBUG 2025-02-08 18:27:45,907 autoreload File /usr/local/lib/python3.12/site-packages/django/contrib/auth/tokens.py first seen with mtime 1738622464.892533
DEBUG 2025-02-08 18:27:45,907 autoreload File /usr/local/lib/python3.12/site-packages/django/db/backends/utils.py first seen with mtime 1738622466.293533
DEBUG 2025-02-08 18:27:45,908 autoreload File /usr/local/lib/python3.12/lib-dynload/array.cpython-312-x86_64-linux-gnu.so first seen with mtime 1723515699.0
DEBUG 2025-02-08 18:27:45,909 autoreload File /usr/local/lib/python3.12/site-packages/django/contrib/auth/__init__.py first seen with mtime 1738622464.870533
DEBUG 2025-02-08 18:27:45,909 autoreload File /usr/local/lib/python3.12/getpass.py first seen with mtime 1723515688.0
DEBUG 2025-02-08 18:27:45,910 autoreload File /usr/local/lib/python3.12/site-packages/django/contrib/contenttypes/views.py first seen with mtime 1738622465.050533
DEBUG 2025-02-08 18:27:45,911 autoreload File /usr/local/lib/python3.12/site-packages/django/forms/__init__.py first seen with mtime 1738622466.3745332
DEBUG 2025-02-08 18:27:45,911 autoreload File /usr/local/lib/python3.12/bz2.py first seen with mtime 1723515688.0
DEBUG 2025-02-08 18:27:45,912 autoreload File /usr/local/lib/python3.12/selectors.py first seen with mtime 1723515688.0
DEBUG 2025-02-08 18:27:45,912 autoreload File /usr/local/lib/python3.12/site-packages/django/core/checks/model_checks.py first seen with mtime 1738622466.251533
DEBUG 2025-02-08 18:27:45,913 autoreload File /usr/local/lib/python3.12/site-packages/sqlparse/cli.py first seen with mtime 1738622459.3659358
DEBUG 2025-02-08 18:27:45,915 autoreload File /usr/local/lib/python3.12/site-packages/django/views/generic/dates.py first seen with mtime 1738622466.474533
DEBUG 2025-02-08 18:27:45,916 autoreload File /usr/local/lib/python3.12/site-packages/django/contrib/auth/forms.py first seen with mtime 1738622464.879533
DEBUG 2025-02-08 18:27:45,916 autoreload File /usr/local/lib/python3.12/http/client.py first seen with mtime 1723515688.0
DEBUG 2025-02-08 18:27:45,916 autoreload File /usr/local/lib/python3.12/site-packages/django/db/models/functions/window.py first seen with mtime 1738622466.367533
DEBUG 2025-02-08 18:27:45,917 autoreload File /usr/local/lib/python3.12/encodings/aliases.py first seen with mtime 1723515688.0
DEBUG 2025-02-08 18:27:45,917 autoreload File /usr/local/lib/python3.12/site-packages/django/template/loaders/filesystem.py first seen with mtime 1738622466.432533
DEBUG 2025-02-08 18:27:45,918 autoreload File /usr/local/lib/python3.12/html/parser.py first seen with mtime 1723515688.0
DEBUG 2025-02-08 18:27:45,918 autoreload File /usr/local/lib/python3.12/lib-dynload/_bisect.cpython-312-x86_64-linux-gnu.so first seen with mtime 1723515699.0
DEBUG 2025-02-08 18:27:45,919 autoreload File /usr/local/lib/python3.12/site-packages/django/contrib/messages/api.py first seen with mtime 1738622465.6445332
DEBUG 2025-02-08 18:27:45,919 autoreload File /usr/local/lib/python3.12/pathlib.py first seen with mtime 1723515688.0
DEBUG 2025-02-08 18:27:45,920 autoreload File /usr/local/lib/python3.12/site-packages/django/contrib/sites/__init__.py first seen with mtime 1738622466.1115332
DEBUG 2025-02-08 18:27:45,921 autoreload File /usr/local/lib/python3.12/email/iterators.py first seen with mtime 1723515688.0
DEBUG 2025-02-08 18:27:45,925 autoreload File /usr/local/lib/python3.12/site-packages/django/__init__.py first seen with mtime 1738622463.7309358
DEBUG 2025-02-08 18:27:45,926 autoreload File /usr/local/lib/python3.12/site-packages/django/utils/duration.py first seen with mtime 1738622466.451533
DEBUG 2025-02-08 18:27:45,926 autoreload File /usr/local/lib/python3.12/site-packages/django/core/management/commands/__init__.py first seen with mtime 1738622466.273533
DEBUG 2025-02-08 18:27:45,927 autoreload File /usr/local/lib/python3.12/site-packages/django/db/models/sql/where.py first seen with mtime 1738622466.373533
DEBUG 2025-02-08 18:27:45,929 autoreload File /usr/local/lib/python3.12/json/encoder.py first seen with mtime 1723515689.0
DEBUG 2025-02-08 18:27:45,930 autoreload File /usr/local/lib/python3.12/site-packages/psycopg2/extensions.py first seen with mtime 1738622459.5589359
DEBUG 2025-02-08 18:27:45,930 autoreload File /usr/local/lib/python3.12/secrets.py first seen with mtime 1723515688.0
DEBUG 2025-02-08 18:27:45,931 autoreload File /usr/local/lib/python3.12/lib-dynload/_lzma.cpython-312-x86_64-linux-gnu.so first seen with mtime 1723515699.0
DEBUG 2025-02-08 18:27:45,931 autoreload File /usr/local/lib/python3.12/site-packages/django/utils/dateformat.py first seen with mtime 1738622466.448533
DEBUG 2025-02-08 18:27:45,932 autoreload File /usr/local/lib/python3.12/site-packages/django/templatetags/static.py first seen with mtime 1738622466.435533
DEBUG 2025-02-08 18:27:45,932 autoreload File /usr/local/lib/python3.12/asyncio/log.py first seen with mtime 1723515688.0
DEBUG 2025-02-08 18:27:45,933 autoreload File /usr/local/lib/python3.12/site-packages/django/db/utils.py first seen with mtime 1738622466.291533
DEBUG 2025-02-08 18:27:45,933 autoreload File /usr/local/lib/python3.12/email/mime/message.py first seen with mtime 1723515688.0
DEBUG 2025-02-08 18:27:45,934 autoreload File /usr/local/lib/python3.12/site-packages/sqlparse/engine/filter_stack.py first seen with mtime 1738622459.3689358
DEBUG 2025-02-08 18:27:45,934 autoreload File /usr/local/lib/python3.12/concurrent/futures/thread.py first seen with mtime 1723515688.0
DEBUG 2025-02-08 18:27:45,935 autoreload File /usr/local/lib/python3.12/site-packages/django/utils/translation/reloader.py first seen with mtime 1738622466.464533
DEBUG 2025-02-08 18:27:45,935 autoreload File /usr/local/lib/python3.12/site-packages/django/utils/connection.py first seen with mtime 1738622466.446533
DEBUG 2025-02-08 18:27:45,936 autoreload File /usr/local/lib/python3.12/site-packages/django/core/mail/__init__.py first seen with mtime 1738622466.2665331
DEBUG 2025-02-08 18:27:45,937 autoreload File /usr/local/lib/python3.12/site-packages/django/http/multipartparser.py first seen with mtime 1738622466.412533
DEBUG 2025-02-08 18:27:45,937 autoreload File /usr/local/lib/python3.12/concurrent/__init__.py first seen with mtime 1723515688.0
DEBUG 2025-02-08 18:27:45,938 autoreload File /usr/local/lib/python3.12/site-packages/django/contrib/sites/shortcuts.py first seen with mtime 1738622466.1115332
DEBUG 2025-02-08 18:27:45,938 autoreload File /usr/local/lib/python3.12/site-packages/django/contrib/auth/signals.py first seen with mtime 1738622464.8915331
DEBUG 2025-02-08 18:27:45,938 autoreload File /usr/local/lib/python3.12/site-packages/sqlparse/lexer.py first seen with mtime 1738622459.3679357
DEBUG 2025-02-08 18:27:45,939 autoreload File /usr/local/lib/python3.12/site-packages/django/contrib/auth/apps.py first seen with mtime 1738622464.872533
DEBUG 2025-02-08 18:27:45,940 autoreload File /usr/local/lib/python3.12/lib-dynload/_uuid.cpython-312-x86_64-linux-gnu.so first seen with mtime 1723515699.0
DEBUG 2025-02-08 18:27:45,940 autoreload File /usr/local/lib/python3.12/site-packages/django/core/paginator.py first seen with mtime 1738622466.242533
DEBUG 2025-02-08 18:27:45,941 autoreload File /usr/local/lib/python3.12/re/__init__.py first seen with mtime 1723515689.0
DEBUG 2025-02-08 18:27:45,941 autoreload File /usr/local/lib/python3.12/site-packages/django/core/checks/security/csrf.py first seen with mtime 1738622466.255533
DEBUG 2025-02-08 18:27:45,942 autoreload File /usr/local/lib/python3.12/site-packages/django/utils/translation/trans_real.py first seen with mtime 1738622466.4665332
DEBUG 2025-02-08 18:27:45,942 autoreload File /usr/local/lib/python3.12/site-packages/django/apps/__init__.py first seen with mtime 1738622463.731936
DEBUG 2025-02-08 18:27:45,942 autoreload File /usr/local/lib/python3.12/site-packages/django/core/checks/files.py first seen with mtime 1738622466.250533
DEBUG 2025-02-08 18:27:45,943 autoreload File /usr/local/lib/python3.12/site-packages/django/views/generic/list.py first seen with mtime 1738622466.475533
DEBUG 2025-02-08 18:27:45,944 autoreload File /usr/local/lib/python3.12/site-packages/_distutils_hack/__init__.py first seen with mtime 1723515703.0
DEBUG 2025-02-08 18:27:45,944 autoreload File /usr/local/lib/python3.12/site-packages/django/contrib/auth/password_validation.py first seen with mtime 1738622464.8915331
DEBUG 2025-02-08 18:27:45,944 autoreload File /usr/local/lib/python3.12/hashlib.py first seen with mtime 1723515688.0
DEBUG 2025-02-08 18:27:45,945 autoreload File /usr/local/lib/python3.12/re/_parser.py first seen with mtime 1723515689.0
DEBUG 2025-02-08 18:27:45,945 autoreload File /usr/local/lib/python3.12/site-packages/django/contrib/messages/apps.py first seen with mtime 1738622465.645533
DEBUG 2025-02-08 18:27:45,946 autoreload File /usr/local/lib/python3.12/asyncio/sslproto.py first seen with mtime 1723515688.0
DEBUG 2025-02-08 18:27:45,946 autoreload File /usr/local/lib/python3.12/site-packages/django/core/checks/async_checks.py first seen with mtime 1738622466.2495332
DEBUG 2025-02-08 18:27:45,947 autoreload File /usr/local/lib/python3.12/site-packages/django/core/checks/compatibility/django_4_0.py first seen with mtime 1738622466.254533
DEBUG 2025-02-08 18:27:45,947 autoreload File /usr/local/lib/python3.12/site-packages/django/core/cache/backends/filebased.py first seen with mtime 1738622466.2435331
DEBUG 2025-02-08 18:27:45,948 autoreload File /usr/local/lib/python3.12/site-packages/django/contrib/admin/actions.py first seen with mtime 1738622464.206936
DEBUG 2025-02-08 18:27:45,948 autoreload File /usr/local/lib/python3.12/site-packages/django/core/files/move.py first seen with mtime 1738622466.257533
DEBUG 2025-02-08 18:27:45,949 autoreload File /usr/local/lib/python3.12/site-packages/django/template/smartif.py first seen with mtime 1738622466.4275331
DEBUG 2025-02-08 18:27:45,950 autoreload File /usr/local/lib/python3.12/email/message.py first seen with mtime 1723515688.0
DEBUG 2025-02-08 18:27:45,950 autoreload File /usr/local/lib/python3.12/site-packages/django/db/transaction.py first seen with mtime 1738622466.291533
DEBUG 2025-02-08 18:27:45,951 autoreload File /usr/local/lib/python3.12/lib-dynload/termios.cpython-312-x86_64-linux-gnu.so first seen with mtime 1723515699.0
DEBUG 2025-02-08 18:27:45,951 autoreload File /usr/local/lib/python3.12/lib-dynload/_posixsubprocess.cpython-312-x86_64-linux-gnu.so first seen with mtime 1723515699.0
DEBUG 2025-02-08 18:27:45,951 autoreload File /usr/local/lib/python3.12/json/decoder.py first seen with mtime 1723515689.0
DEBUG 2025-02-08 18:27:45,952 autoreload File /usr/local/lib/python3.12/site-packages/django/core/management/commands/runserver.py first seen with mtime 1738622466.280533
DEBUG 2025-02-08 18:27:45,953 autoreload File /usr/local/lib/python3.12/site-packages/sqlparse/filters/right_margin.py first seen with mtime 1738622459.3729358
DEBUG 2025-02-08 18:27:45,953 autoreload File /usr/local/lib/python3.12/site-packages/django/contrib/admin/utils.py first seen with mtime 1738622464.222936
DEBUG 2025-02-08 18:27:45,953 autoreload File /usr/local/lib/python3.12/site-packages/django/views/decorators/cache.py first seen with mtime 1738622466.468533
DEBUG 2025-02-08 18:27:45,954 autoreload File /usr/local/lib/python3.12/opcode.py first seen with mtime 1723515688.0
DEBUG 2025-02-08 18:27:45,954 autoreload File /usr/local/lib/python3.12/site-packages/sqlparse/filters/output.py first seen with mtime 1738622459.3709357
DEBUG 2025-02-08 18:27:45,955 autoreload File /usr/local/lib/python3.12/site-packages/django/contrib/admin/widgets.py first seen with mtime 1738622464.2239358
DEBUG 2025-02-08 18:27:45,955 autoreload File /usr/local/lib/python3.12/email/contentmanager.py first seen with mtime 1723515688.0
DEBUG 2025-02-08 18:27:45,956 autoreload File /usr/local/lib/python3.12/site-packages/django/utils/datastructures.py first seen with mtime 1738622466.448533
DEBUG 2025-02-08 18:27:45,956 autoreload File /usr/local/lib/python3.12/weakref.py first seen with mtime 1723515688.0
DEBUG 2025-02-08 18:27:45,957 autoreload File /usr/local/lib/python3.12/site-packages/django/template/engine.py first seen with mtime 1738622466.4245331
DEBUG 2025-02-08 18:27:45,957 autoreload File /usr/local/lib/python3.12/site-packages/psycopg2/_json.py first seen with mtime 1738622459.4969358
DEBUG 2025-02-08 18:27:45,958 autoreload File /usr/local/lib/python3.12/lib-dynload/_heapq.cpython-312-x86_64-linux-gnu.so first seen with mtime 1723515699.0
DEBUG 2025-02-08 18:27:45,958 autoreload File /usr/local/lib/python3.12/site-packages/django/template/loader.py first seen with mtime 1738622466.426533
DEBUG 2025-02-08 18:27:45,958 autoreload File /usr/local/lib/python3.12/site-packages/django/template/loader_tags.py first seen with mtime 1738622466.426533
DEBUG 2025-02-08 18:27:45,959 autoreload File /usr/local/lib/python3.12/site-packages/django/db/models/enums.py first seen with mtime 1738622466.3515332
DEBUG 2025-02-08 18:27:45,959 autoreload File /usr/local/lib/python3.12/asyncio/trsock.py first seen with mtime 1723515688.0
DEBUG 2025-02-08 18:27:45,960 autoreload File /usr/local/lib/python3.12/urllib/error.py first seen with mtime 1723515689.0
DEBUG 2025-02-08 18:27:45,961 autoreload File /usr/local/lib/python3.12/linecache.py first seen with mtime 1723515688.0
DEBUG 2025-02-08 18:27:45,961 autoreload File /usr/local/lib/python3.12/site-packages/django/db/models/base.py first seen with mtime 1738622466.349533
DEBUG 2025-02-08 18:27:45,961 autoreload File /usr/local/lib/python3.12/site-packages/django/templatetags/cache.py first seen with mtime 1738622466.433533
DEBUG 2025-02-08 18:27:45,962 autoreload File /usr/local/lib/python3.12/lib-dynload/_decimal.cpython-312-x86_64-linux-gnu.so first seen with mtime 1723515699.0
DEBUG 2025-02-08 18:27:45,962 autoreload File /usr/local/lib/python3.12/contextvars.py first seen with mtime 1723515688.0
DEBUG 2025-02-08 18:27:45,963 autoreload File /home/user1/dev/manage.py first seen with mtime 1738622603.003446
DEBUG 2025-02-08 18:27:45,963 autoreload File /usr/local/lib/python3.12/site-packages/django/http/__init__.py first seen with mtime 1738622466.412533
DEBUG 2025-02-08 18:27:45,964 autoreload File /usr/local/lib/python3.12/html/__init__.py first seen with mtime 1723515688.0
DEBUG 2025-02-08 18:27:45,964 autoreload File /usr/local/lib/python3.12/site-packages/django/conf/locale/__init__.py first seen with mtime 1738622463.738936
DEBUG 2025-02-08 18:27:45,965 autoreload File /usr/local/lib/python3.12/site-packages/sqlparse/keywords.py first seen with mtime 1738622459.3669357
DEBUG 2025-02-08 18:27:45,965 autoreload File /usr/local/lib/python3.12/collections/__init__.py first seen with mtime 1723515688.0
DEBUG 2025-02-08 18:27:45,966 autoreload File /usr/local/lib/python3.12/site-packages/django/template/library.py first seen with mtime 1738622466.425533
DEBUG 2025-02-08 18:27:45,966 autoreload File /usr/local/lib/python3.12/site-packages/django/contrib/staticfiles/utils.py first seen with mtime 1738622466.234533
DEBUG 2025-02-08 18:27:45,966 autoreload File /usr/local/lib/python3.12/site-packages/sqlparse/filters/tokens.py first seen with mtime 1738622459.3739357
DEBUG 2025-02-08 18:27:45,967 autoreload File /usr/local/lib/python3.12/socketserver.py first seen with mtime 1723515688.0
DEBUG 2025-02-08 18:27:45,967 autoreload File /usr/local/lib/python3.12/site-packages/django/db/backends/postgresql/base.py first seen with mtime 1738622466.311533
DEBUG 2025-02-08 18:27:45,968 autoreload File /usr/local/lib/python3.12/site-packages/sqlparse/sql.py first seen with mtime 1738622459.3679357
DEBUG 2025-02-08 18:27:45,968 autoreload File /usr/local/lib/python3.12/site-packages/django/http/cookie.py first seen with mtime 1738622466.412533
DEBUG 2025-02-08 18:27:45,969 autoreload File /usr/local/lib/python3.12/site-packages/sqlparse/filters/__init__.py first seen with mtime 1738622459.3699358
DEBUG 2025-02-08 18:27:45,970 autoreload File /usr/local/lib/python3.12/site-packages/django/db/models/fields/files.py first seen with mtime 1738622466.3615332
DEBUG 2025-02-08 18:27:45,970 autoreload File /usr/local/lib/python3.12/site-packages/django/contrib/contenttypes/forms.py first seen with mtime 1738622465.0495331
DEBUG 2025-02-08 18:27:45,971 autoreload File /usr/local/lib/python3.12/site-packages/django/contrib/admin/templatetags/admin_urls.py first seen with mtime 1738622464.572533
DEBUG 2025-02-08 18:27:45,971 autoreload File /usr/local/lib/python3.12/site-packages/django/db/backends/base/schema.py first seen with mtime 1738622466.297533
DEBUG 2025-02-08 18:27:45,972 autoreload File /usr/local/lib/python3.12/lib-dynload/_json.cpython-312-x86_64-linux-gnu.so first seen with mtime 1723515699.0
DEBUG 2025-02-08 18:27:45,972 autoreload File /usr/local/lib/python3.12/site-packages/django/db/models/functions/text.py first seen with mtime 1738622466.367533
DEBUG 2025-02-08 18:27:45,973 autoreload File /usr/local/lib/python3.12/urllib/response.py first seen with mtime 1723515689.0
DEBUG 2025-02-08 18:27:45,973 autoreload File /usr/local/lib/python3.12/site-packages/django/db/models/sql/__init__.py first seen with mtime 1738622466.3685331
DEBUG 2025-02-08 18:27:45,974 autoreload File /usr/local/lib/python3.12/site-packages/django/db/models/__init__.py first seen with mtime 1738622466.347533
DEBUG 2025-02-08 18:27:45,974 autoreload File /usr/local/lib/python3.12/site-packages/django/core/exceptions.py first seen with mtime 1738622466.241533
DEBUG 2025-02-08 18:27:45,975 autoreload File /usr/local/lib/python3.12/site-packages/asgiref/local.py first seen with mtime 1738622461.140936
DEBUG 2025-02-08 18:27:45,975 autoreload File /usr/local/lib/python3.12/site-packages/django/db/__init__.py first seen with mtime 1738622466.291533
DEBUG 2025-02-08 18:27:45,975 autoreload File /usr/local/lib/python3.12/shutil.py first seen with mtime 1723515688.0
DEBUG 2025-02-08 18:27:45,976 autoreload File /usr/local/lib/python3.12/site-packages/django/db/models/query_utils.py first seen with mtime 1738622466.3585331
DEBUG 2025-02-08 18:27:45,977 autoreload File /usr/local/lib/python3.12/asyncio/protocols.py first seen with mtime 1723515688.0
DEBUG 2025-02-08 18:27:45,977 autoreload File /usr/local/lib/python3.12/site-packages/django/db/backends/base/operations.py first seen with mtime 1738622466.296533
DEBUG 2025-02-08 18:27:45,978 autoreload File /usr/local/lib/python3.12/wsgiref/__init__.py first seen with mtime 1723515689.0
DEBUG 2025-02-08 18:27:45,978 autoreload File /usr/local/lib/python3.12/email/_policybase.py first seen with mtime 1723515688.0
DEBUG 2025-02-08 18:27:45,978 autoreload File /usr/local/lib/python3.12/site-packages/django/contrib/sessions/backends/base.py first seen with mtime 1738622465.998533
DEBUG 2025-02-08 18:27:45,979 autoreload File /usr/local/lib/python3.12/lib-dynload/_asyncio.cpython-312-x86_64-linux-gnu.so first seen with mtime 1723515699.0
DEBUG 2025-02-08 18:27:45,979 autoreload File /usr/local/lib/python3.12/site-packages/django/db/models/functions/__init__.py first seen with mtime 1738622466.365533
DEBUG 2025-02-08 18:27:45,980 autoreload File /usr/local/lib/python3.12/site-packages/django/core/files/storage/filesystem.py first seen with mtime 1738622466.261533
DEBUG 2025-02-08 18:27:45,980 autoreload File /usr/local/lib/python3.12/site-packages/django/contrib/staticfiles/views.py first seen with mtime 1738622466.234533
DEBUG 2025-02-08 18:27:45,981 autoreload File /usr/local/lib/python3.12/site-packages/django/contrib/admin/exceptions.py first seen with mtime 1738622464.2139359
DEBUG 2025-02-08 18:27:45,982 autoreload File /usr/local/lib/python3.12/email/header.py first seen with mtime 1723515688.0
DEBUG 2025-02-08 18:27:45,982 autoreload File /usr/local/lib/python3.12/asyncio/mixins.py first seen with mtime 1723515688.0
DEBUG 2025-02-08 18:27:45,982 autoreload File /usr/local/lib/python3.12/email/headerregistry.py first seen with mtime 1723515688.0
DEBUG 2025-02-08 18:27:45,983 autoreload File /usr/local/lib/python3.12/site-packages/django/urls/utils.py first seen with mtime 1738622466.444533
DEBUG 2025-02-08 18:27:45,983 autoreload File /usr/local/lib/python3.12/lib-dynload/zlib.cpython-312-x86_64-linux-gnu.so first seen with mtime 1723515699.0
DEBUG 2025-02-08 18:27:45,984 autoreload File /usr/local/lib/python3.12/contextlib.py first seen with mtime 1723515688.0
DEBUG 2025-02-08 18:27:45,984 autoreload File /usr/local/lib/python3.12/site-packages/django/db/backends/postgresql/operations.py first seen with mtime 1738622466.316533
DEBUG 2025-02-08 18:27:45,984 autoreload File /usr/local/lib/python3.12/asyncio/__init__.py first seen with mtime 1723515688.0
DEBUG 2025-02-08 18:27:45,985 autoreload File /usr/local/lib/python3.12/site-packages/django/contrib/auth/middleware.py first seen with mtime 1738622464.885533
DEBUG 2025-02-08 18:27:45,985 autoreload File /usr/local/lib/python3.12/site-packages/django/db/models/constants.py first seen with mtime 1738622466.349533
DEBUG 2025-02-08 18:27:45,986 autoreload File /usr/local/lib/python3.12/site-packages/django/templatetags/tz.py first seen with mtime 1738622466.435533
DEBUG 2025-02-08 18:27:45,986 autoreload File /usr/local/lib/python3.12/site-packages/django/core/management/__init__.py first seen with mtime 1738622466.271533
DEBUG 2025-02-08 18:27:45,987 autoreload File /usr/local/lib/python3.12/site-packages/django/db/backends/base/client.py first seen with mtime 1738622466.294533
DEBUG 2025-02-08 18:27:45,987 autoreload File /usr/local/lib/python3.12/site-packages/django/core/wsgi.py first seen with mtime 1738622466.2435331
DEBUG 2025-02-08 18:27:45,987 autoreload File /home/user1/dev/config/settings.py first seen with mtime 1739000200.18839
DEBUG 2025-02-08 18:27:45,988 autoreload File /usr/local/lib/python3.12/site-packages/django/utils/tree.py first seen with mtime 1738622466.461533
DEBUG 2025-02-08 18:27:45,988 autoreload File /usr/local/lib/python3.12/site-packages/sqlparse/engine/statement_splitter.py first seen with mtime 1738622459.3699358
DEBUG 2025-02-08 18:27:45,989 autoreload File /usr/local/lib/python3.12/sysconfig.py first seen with mtime 1723515688.0
DEBUG 2025-02-08 18:27:45,989 autoreload File /usr/local/lib/python3.12/site-packages/django/core/files/uploadhandler.py first seen with mtime 1738622466.2595332
DEBUG 2025-02-08 18:27:45,990 autoreload File /usr/local/lib/python3.12/site-packages/django/utils/module_loading.py first seen with mtime 1738622466.458533
DEBUG 2025-02-08 18:27:45,990 autoreload File /usr/local/lib/python3.12/http/__init__.py first seen with mtime 1723515688.0
DEBUG 2025-02-08 18:27:45,991 autoreload File /usr/local/lib/python3.12/site-packages/django/contrib/sessions/middleware.py first seen with mtime 1738622465.9965332
DEBUG 2025-02-08 18:27:45,991 autoreload File /usr/local/lib/python3.12/wsgiref/handlers.py first seen with mtime 1723515689.0
DEBUG 2025-02-08 18:27:45,992 autoreload File /usr/local/lib/python3.12/site-packages/django/contrib/admin/templatetags/admin_list.py first seen with mtime 1738622464.571533
DEBUG 2025-02-08 18:27:45,992 autoreload File /usr/local/lib/python3.12/site-packages/django/contrib/admin/views/__init__.py first seen with mtime 1738622464.573533
DEBUG 2025-02-08 18:27:45,992 autoreload File /usr/local/lib/python3.12/site-packages/django/core/files/temp.py first seen with mtime 1738622466.258533
DEBUG 2025-02-08 18:27:45,993 autoreload File /usr/local/lib/python3.12/site-packages/django/contrib/staticfiles/handlers.py first seen with mtime 1738622466.2335331
DEBUG 2025-02-08 18:27:45,993 autoreload File /usr/local/lib/python3.12/site-packages/django/db/models/manager.py first seen with mtime 1738622466.3555331
DEBUG 2025-02-08 18:27:45,994 autoreload File /usr/local/lib/python3.12/site-packages/django/db/backends/postgresql/__init__.py first seen with mtime 1738622466.311533
DEBUG 2025-02-08 18:27:45,994 autoreload File /usr/local/lib/python3.12/site-packages/django/db/migrations/state.py first seen with mtime 1738622466.343533
DEBUG 2025-02-08 18:27:45,995 autoreload File /usr/local/lib/python3.12/asyncio/runners.py first seen with mtime 1723515688.0
DEBUG 2025-02-08 18:27:45,995 autoreload File /usr/local/lib/python3.12/calendar.py first seen with mtime 1723515688.0
DEBUG 2025-02-08 18:27:45,996 autoreload File /usr/local/lib/python3.12/concurrent/futures/__init__.py first seen with mtime 1723515688.0
DEBUG 2025-02-08 18:27:45,996 autoreload File /usr/local/lib/python3.12/asyncio/locks.py first seen with mtime 1723515688.0
DEBUG 2025-02-08 18:27:45,997 autoreload File /usr/local/lib/python3.12/site-packages/django/contrib/auth/admin.py first seen with mtime 1738622464.872533
DEBUG 2025-02-08 18:27:45,998 autoreload File /usr/local/lib/python3.12/lib-dynload/binascii.cpython-312-x86_64-linux-gnu.so first seen with mtime 1723515699.0
DEBUG 2025-02-08 18:27:45,998 autoreload File /usr/local/lib/python3.12/site-packages/django/template/utils.py first seen with mtime 1738622466.4275331
DEBUG 2025-02-08 18:27:45,998 autoreload File /usr/local/lib/python3.12/asyncio/base_subprocess.py first seen with mtime 1723515688.0
DEBUG 2025-02-08 18:27:45,999 autoreload File /usr/local/lib/python3.12/asyncio/futures.py first seen with mtime 1723515688.0
DEBUG 2025-02-08 18:27:45,999 autoreload File /usr/local/lib/python3.12/site-packages/django/db/backends/postgresql/client.py first seen with mtime 1738622466.314533
DEBUG 2025-02-08 18:27:46,000 autoreload File /usr/local/lib/python3.12/site-packages/django/db/models/functions/comparison.py first seen with mtime 1738622466.366533
DEBUG 2025-02-08 18:27:46,000 autoreload File /usr/local/lib/python3.12/site-packages/django/utils/numberformat.py first seen with mtime 1738622466.458533
DEBUG 2025-02-08 18:27:46,000 autoreload File /usr/local/lib/python3.12/lib-dynload/_contextvars.cpython-312-x86_64-linux-gnu.so first seen with mtime 1723515699.0
DEBUG 2025-02-08 18:27:46,001 autoreload File /home/user1/dev/config/__init__.py first seen with mtime 1738622603.0483952
DEBUG 2025-02-08 18:27:46,001 autoreload File /usr/local/lib/python3.12/site-packages/django/contrib/sessions/apps.py first seen with mtime 1738622465.995533
DEBUG 2025-02-08 18:27:46,002 autoreload File /usr/local/lib/python3.12/site-packages/django/db/backends/postgresql/features.py first seen with mtime 1738622466.314533
DEBUG 2025-02-08 18:27:46,002 autoreload File /usr/local/lib/python3.12/site-packages/django/core/files/storage/mixins.py first seen with mtime 1738622466.262533
DEBUG 2025-02-08 18:27:46,003 autoreload File /usr/local/lib/python3.12/site-packages/django/core/files/storage/handler.py first seen with mtime 1738622466.261533
DEBUG 2025-02-08 18:27:46,003 autoreload File /usr/local/lib/python3.12/site-packages/django/contrib/admin/decorators.py first seen with mtime 1738622464.212936
DEBUG 2025-02-08 18:27:46,004 autoreload File /usr/local/lib/python3.12/site-packages/django/utils/autoreload.py first seen with mtime 1738622466.446533
DEBUG 2025-02-08 18:27:46,004 autoreload File /usr/local/lib/python3.12/site-packages/django/views/decorators/debug.py first seen with mtime 1738622466.471533
DEBUG 2025-02-08 18:27:46,005 autoreload File /usr/local/lib/python3.12/warnings.py first seen with mtime 1723515688.0
DEBUG 2025-02-08 18:27:46,005 autoreload File /usr/local/lib/python3.12/lib-dynload/_bz2.cpython-312-x86_64-linux-gnu.so first seen with mtime 1723515699.0
DEBUG 2025-02-08 18:27:46,006 autoreload File /usr/local/lib/python3.12/site-packages/django/core/mail/utils.py first seen with mtime 1738622466.2665331
DEBUG 2025-02-08 18:27:46,006 autoreload File /usr/local/lib/python3.12/site-packages/django/contrib/messages/storage/base.py first seen with mtime 1738622465.658533
DEBUG 2025-02-08 18:27:46,006 autoreload File /usr/local/lib/python3.12/subprocess.py first seen with mtime 1723515688.0
DEBUG 2025-02-08 18:27:46,007 autoreload File /usr/local/lib/python3.12/asyncio/constants.py first seen with mtime 1723515688.0
DEBUG 2025-02-08 18:27:46,007 autoreload File /usr/local/lib/python3.12/email/_encoded_words.py first seen with mtime 1723515688.0
DEBUG 2025-02-08 18:27:46,008 autoreload File /usr/local/lib/python3.12/site-packages/django/contrib/contenttypes/apps.py first seen with mtime 1738622465.047533
DEBUG 2025-02-08 18:27:46,008 autoreload File /usr/local/lib/python3.12/site-packages/asgiref/__init__.py first seen with mtime 1738622461.1349359
DEBUG 2025-02-08 18:27:46,008 autoreload File /usr/local/lib/python3.12/site-packages/django/contrib/admin/sites.py first seen with mtime 1738622464.2209358
DEBUG 2025-02-08 18:27:46,009 autoreload File /usr/local/lib/python3.12/keyword.py first seen with mtime 1723515688.0
DEBUG 2025-02-08 18:27:46,009 autoreload File /usr/local/lib/python3.12/asyncio/base_events.py first seen with mtime 1723515688.0
DEBUG 2025-02-08 18:27:46,010 autoreload File /usr/local/lib/python3.12/site-packages/django/utils/lorem_ipsum.py first seen with mtime 1738622466.4575331
DEBUG 2025-02-08 18:27:46,010 autoreload File /usr/local/lib/python3.12/asyncio/tasks.py first seen with mtime 1723515688.0
DEBUG 2025-02-08 18:27:46,011 autoreload File /usr/local/lib/python3.12/site-packages/sqlparse/__init__.py first seen with mtime 1738622459.3659358
DEBUG 2025-02-08 18:27:46,011 autoreload File /usr/local/lib/python3.12/site-packages/django/db/models/aggregates.py first seen with mtime 1738622466.3485332
DEBUG 2025-02-08 18:27:46,012 autoreload File /usr/local/lib/python3.12/site-packages/django/contrib/admin/checks.py first seen with mtime 1738622464.206936
DEBUG 2025-02-08 18:27:46,012 autoreload File /usr/local/lib/python3.12/site-packages/django/contrib/messages/__init__.py first seen with mtime 1738622465.6445332
DEBUG 2025-02-08 18:27:46,012 autoreload File /usr/local/lib/python3.12/site-packages/django/core/serializers/__init__.py first seen with mtime 1738622466.287533
DEBUG 2025-02-08 18:27:46,013 autoreload File /usr/local/lib/python3.12/site-packages/django/contrib/admin/views/main.py first seen with mtime 1738622464.576533
DEBUG 2025-02-08 18:27:46,013 autoreload File /usr/local/lib/python3.12/site-packages/sqlparse/filters/reindent.py first seen with mtime 1738622459.3729358
DEBUG 2025-02-08 18:27:46,014 autoreload File /usr/local/lib/python3.12/site-packages/django/views/__init__.py first seen with mtime 1738622466.467533
DEBUG 2025-02-08 18:27:46,015 autoreload File /usr/local/lib/python3.12/site-packages/django/db/models/deletion.py first seen with mtime 1738622466.3515332
DEBUG 2025-02-08 18:27:46,016 autoreload File /usr/local/lib/python3.12/wsgiref/simple_server.py first seen with mtime 1723515689.0
DEBUG 2025-02-08 18:27:46,016 autoreload File /usr/local/lib/python3.12/site-packages/django/contrib/sessions/__init__.py first seen with mtime 1738622465.995533
DEBUG 2025-02-08 18:27:46,018 autoreload File /usr/local/lib/python3.12/site-packages/django/forms/formsets.py first seen with mtime 1738622466.376533
DEBUG 2025-02-08 18:27:46,019 autoreload File /usr/local/lib/python3.12/logging/config.py first seen with mtime 1723515689.0
DEBUG 2025-02-08 18:27:46,019 autoreload File /usr/local/lib/python3.12/asyncio/format_helpers.py first seen with mtime 1723515688.0
DEBUG 2025-02-08 18:27:46,020 autoreload File /usr/local/lib/python3.12/random.py first seen with mtime 1723515688.0
DEBUG 2025-02-08 18:27:46,020 autoreload File /usr/local/lib/python3.12/site-packages/django/template/autoreload.py first seen with mtime 1738622466.421533
DEBUG 2025-02-08 18:27:46,020 autoreload File /usr/local/lib/python3.12/site-packages/django/urls/exceptions.py first seen with mtime 1738622466.4435332
DEBUG 2025-02-08 18:27:46,021 autoreload File /usr/local/lib/python3.12/email/encoders.py first seen with mtime 1723515688.0
DEBUG 2025-02-08 18:27:46,023 autoreload File /usr/local/lib/python3.12/ipaddress.py first seen with mtime 1723515688.0
DEBUG 2025-02-08 18:27:46,023 autoreload File /usr/local/lib/python3.12/site-packages/django/utils/html.py first seen with mtime 1738622466.454533
DEBUG 2025-02-08 18:27:46,024 autoreload File /usr/local/lib/python3.12/site-packages/django/db/backends/signals.py first seen with mtime 1738622466.293533
DEBUG 2025-02-08 18:27:46,024 autoreload File /usr/local/lib/python3.12/site-packages/django/conf/global_settings.py first seen with mtime 1738622463.734936
DEBUG 2025-02-08 18:27:46,024 autoreload File /usr/local/lib/python3.12/concurrent/futures/_base.py first seen with mtime 1723515688.0
DEBUG 2025-02-08 18:27:46,025 autoreload File /usr/local/lib/python3.12/site-packages/django/contrib/auth/base_user.py first seen with mtime 1738622464.875533
DEBUG 2025-02-08 18:27:46,025 autoreload File /usr/local/lib/python3.12/email/utils.py first seen with mtime 1723515688.0
DEBUG 2025-02-08 18:27:46,026 autoreload File /usr/local/lib/python3.12/site-packages/django/core/files/uploadedfile.py first seen with mtime 1738622466.258533
DEBUG 2025-02-08 18:27:46,026 autoreload File /usr/local/lib/python3.12/site-packages/django/core/checks/translation.py first seen with mtime 1738622466.2535331
DEBUG 2025-02-08 18:27:46,027 autoreload File /usr/local/lib/python3.12/site-packages/django/db/backends/base/__init__.py first seen with mtime 1738622466.293533
DEBUG 2025-02-08 18:27:46,027 autoreload File /usr/local/lib/python3.12/site-packages/django/template/__init__.py first seen with mtime 1738622466.419533
DEBUG 2025-02-08 18:27:46,028 autoreload File /usr/local/lib/python3.12/site-packages/django/utils/inspect.py first seen with mtime 1738622466.455533
DEBUG 2025-02-08 18:27:46,028 autoreload File /usr/local/lib/python3.12/site-packages/django/contrib/auth/hashers.py first seen with mtime 1738622464.884533
DEBUG 2025-02-08 18:27:46,029 autoreload File /usr/local/lib/python3.12/site-packages/sqlparse/engine/__init__.py first seen with mtime 1738622459.3689358
DEBUG 2025-02-08 18:27:46,029 autoreload File /usr/local/lib/python3.12/site-packages/django/views/decorators/__init__.py first seen with mtime 1738622466.468533
DEBUG 2025-02-08 18:27:46,030 autoreload File /usr/local/lib/python3.12/uuid.py first seen with mtime 1723515688.0
DEBUG 2025-02-08 18:27:46,030 autoreload File /usr/local/lib/python3.12/functools.py first seen with mtime 1723515688.0
DEBUG 2025-02-08 18:27:46,031 autoreload File /usr/local/lib/python3.12/site-packages/django/contrib/sessions/backends/__init__.py first seen with mtime 1738622465.998533
DEBUG 2025-02-08 18:27:46,031 autoreload File /usr/local/lib/python3.12/site-packages/django/core/handlers/exception.py first seen with mtime 1738622466.264533
DEBUG 2025-02-08 18:27:46,032 autoreload File /usr/local/lib/python3.12/site-packages/django/contrib/contenttypes/checks.py first seen with mtime 1738622465.047533
DEBUG 2025-02-08 18:27:46,032 autoreload File /usr/local/lib/python3.12/site-packages/psycopg2/errors.py first seen with mtime 1738622459.5579357
DEBUG 2025-02-08 18:27:46,033 autoreload File /usr/local/lib/python3.12/enum.py first seen with mtime 1723515688.0
DEBUG 2025-02-08 18:27:46,033 autoreload File /usr/local/lib/python3.12/site-packages/django/core/checks/compatibility/__init__.py first seen with mtime 1738622466.254533
DEBUG 2025-02-08 18:27:46,033 autoreload File /usr/local/lib/python3.12/site-packages/django/apps/config.py first seen with mtime 1738622463.732936
DEBUG 2025-02-08 18:27:46,034 autoreload File /usr/local/lib/python3.12/site-packages/psycopg2/__init__.py first seen with mtime 1738622459.4959357
DEBUG 2025-02-08 18:27:46,034 autoreload File /usr/local/lib/python3.12/site-packages/django/utils/ipv6.py first seen with mtime 1738622466.456533
DEBUG 2025-02-08 18:27:46,035 autoreload File /usr/local/lib/python3.12/tokenize.py first seen with mtime 1723515688.0
DEBUG 2025-02-08 18:27:46,035 autoreload File /usr/local/lib/python3.12/hmac.py first seen with mtime 1723515688.0
DEBUG 2025-02-08 18:27:46,035 autoreload File /usr/local/lib/python3.12/http/cookies.py first seen with mtime 1723515688.0
DEBUG 2025-02-08 18:27:46,036 autoreload File /usr/local/lib/python3.12/site-packages/django/templatetags/__init__.py first seen with mtime 1738622466.433533
DEBUG 2025-02-08 18:27:46,036 autoreload File /usr/local/lib/python3.12/gzip.py first seen with mtime 1723515688.0
DEBUG 2025-02-08 18:27:46,037 autoreload File /usr/local/lib/python3.12/site-packages/django/contrib/admin/templatetags/base.py first seen with mtime 1738622464.573533
DEBUG 2025-02-08 18:27:46,037 autoreload File /usr/local/lib/python3.12/site-packages/django/core/serializers/python.py first seen with mtime 1738622466.288533
DEBUG 2025-02-08 18:27:46,038 autoreload File /usr/local/lib/python3.12/site-packages/django/db/models/sql/constants.py first seen with mtime 1738622466.369533
DEBUG 2025-02-08 18:27:46,038 autoreload File /usr/local/lib/python3.12/site-packages/django/template/loaders/__init__.py first seen with mtime 1738622466.4305332
DEBUG 2025-02-08 18:27:46,039 autoreload File /usr/local/lib/python3.12/site-packages/django/contrib/admin/helpers.py first seen with mtime 1738622464.2169359
DEBUG 2025-02-08 18:27:46,039 autoreload File /usr/local/lib/python3.12/site-packages/django/core/management/color.py first seen with mtime 1738622466.2725332
DEBUG 2025-02-08 18:27:46,040 autoreload File /usr/local/lib/python3.12/email/charset.py first seen with mtime 1723515688.0
DEBUG 2025-02-08 18:27:46,040 autoreload File /usr/local/lib/python3.12/urllib/parse.py first seen with mtime 1723515689.0
DEBUG 2025-02-08 18:27:46,040 autoreload File /usr/local/lib/python3.12/lib-dynload/_struct.cpython-312-x86_64-linux-gnu.so first seen with mtime 1723515699.0
DEBUG 2025-02-08 18:27:46,041 autoreload File /usr/local/lib/python3.12/site-packages/asgiref/sync.py first seen with mtime 1738622461.1519358
DEBUG 2025-02-08 18:27:46,041 autoreload File /usr/local/lib/python3.12/site-packages/django/contrib/admin/views/autocomplete.py first seen with mtime 1738622464.573533
DEBUG 2025-02-08 18:27:46,041 autoreload File /usr/local/lib/python3.12/html/entities.py first seen with mtime 1723515688.0
DEBUG 2025-02-08 18:27:46,042 autoreload File /usr/local/lib/python3.12/inspect.py first seen with mtime 1723515688.0
DEBUG 2025-02-08 18:27:46,042 autoreload File /usr/local/lib/python3.12/site-packages/django/core/checks/security/sessions.py first seen with mtime 1738622466.2565331
DEBUG 2025-02-08 18:27:46,043 autoreload File /usr/local/lib/python3.12/site-packages/django/core/checks/database.py first seen with mtime 1738622466.250533
DEBUG 2025-02-08 18:27:46,043 autoreload File /usr/local/lib/python3.12/_compression.py first seen with mtime 1723515688.0
DEBUG 2025-02-08 18:27:46,044 autoreload File /usr/local/lib/python3.12/asyncio/staggered.py first seen with mtime 1723515688.0
DEBUG 2025-02-08 18:27:46,044 autoreload File /usr/local/lib/python3.12/site-packages/environ/fileaware_mapping.py first seen with mtime 1738622460.1249359
DEBUG 2025-02-08 18:27:46,045 autoreload File /usr/local/lib/python3.12/site-packages/django/template/loaders/base.py first seen with mtime 1738622466.431533
DEBUG 2025-02-08 18:27:46,045 autoreload File /usr/local/lib/python3.12/asyncio/transports.py first seen with mtime 1723515688.0
DEBUG 2025-02-08 18:27:46,046 autoreload File /usr/local/lib/python3.12/ast.py first seen with mtime 1723515688.0
DEBUG 2025-02-08 18:27:46,046 autoreload File /usr/local/lib/python3.12/site-packages/django/forms/utils.py first seen with mtime 1738622466.377533
DEBUG 2025-02-08 18:27:46,047 autoreload File /usr/local/lib/python3.12/site-packages/django/contrib/auth/management/__init__.py first seen with mtime 1738622465.038533
DEBUG 2025-02-08 18:27:46,047 autoreload File /usr/local/lib/python3.12/site-packages/django/db/backends/base/creation.py first seen with mtime 1738622466.295533
DEBUG 2025-02-08 18:27:46,048 autoreload File /usr/local/lib/python3.12/site-packages/django/core/checks/caches.py first seen with mtime 1738622466.2495332
DEBUG 2025-02-08 18:27:46,048 autoreload File /usr/local/lib/python3.12/site-packages/django/contrib/admin/options.py first seen with mtime 1738622464.2179358
DEBUG 2025-02-08 18:27:46,049 autoreload File /usr/local/lib/python3.12/site-packages/django/db/models/options.py first seen with mtime 1738622466.356533
DEBUG 2025-02-08 18:27:46,049 autoreload File /usr/local/lib/python3.12/site-packages/django/forms/models.py first seen with mtime 1738622466.376533
DEBUG 2025-02-08 18:27:46,049 autoreload File /usr/local/lib/python3.12/datetime.py first seen with mtime 1723515688.0
DEBUG 2025-02-08 18:27:46,050 autoreload File /usr/local/lib/python3.12/site-packages/django/core/cache/utils.py first seen with mtime 1738622466.2435331
DEBUG 2025-02-08 18:27:46,050 autoreload File /usr/local/lib/python3.12/typing.py first seen with mtime 1723515688.0
DEBUG 2025-02-08 18:27:46,051 autoreload File /usr/local/lib/python3.12/site-packages/django/core/serializers/json.py first seen with mtime 1738622466.288533
DEBUG 2025-02-08 18:27:46,051 autoreload File /usr/local/lib/python3.12/site-packages/django/contrib/contenttypes/admin.py first seen with mtime 1738622465.046533
DEBUG 2025-02-08 18:27:46,052 autoreload File /usr/local/lib/python3.12/site-packages/django/db/models/fields/related.py first seen with mtime 1738622466.363533
DEBUG 2025-02-08 18:27:46,052 autoreload File /usr/local/lib/python3.12/site-packages/django/contrib/sites/requests.py first seen with mtime 1738622466.1115332
DEBUG 2025-02-08 18:27:46,053 autoreload File /usr/local/lib/python3.12/site-packages/django/core/validators.py first seen with mtime 1738622466.2435331
DEBUG 2025-02-08 18:27:46,053 autoreload File /usr/local/lib/python3.12/site-packages/django/db/models/signals.py first seen with mtime 1738622466.3585331
DEBUG 2025-02-08 18:27:46,054 autoreload File /usr/local/lib/python3.12/site-packages/django/db/models/utils.py first seen with mtime 1738622466.359533
DEBUG 2025-02-08 18:27:46,054 autoreload File /usr/local/lib/python3.12/site-packages/django/utils/deprecation.py first seen with mtime 1738622466.4505332
DEBUG 2025-02-08 18:27:46,054 autoreload File /usr/local/lib/python3.12/site-packages/django/utils/deconstruct.py first seen with mtime 1738622466.4505332
DEBUG 2025-02-08 18:27:46,055 autoreload File /usr/local/lib/python3.12/site-packages/psycopg2/_ipaddress.py first seen with mtime 1738622459.4959357
DEBUG 2025-02-08 18:27:46,055 autoreload File /usr/local/lib/python3.12/site-packages/django/core/cache/backends/__init__.py first seen with mtime 1738622466.2435331
DEBUG 2025-02-08 18:27:46,056 autoreload File /usr/local/lib/python3.12/site-packages/django/db/models/functions/math.py first seen with mtime 1738622466.366533
DEBUG 2025-02-08 18:27:46,056 autoreload File /usr/local/lib/python3.12/site-packages/django/forms/fields.py first seen with mtime 1738622466.375533
DEBUG 2025-02-08 18:27:46,057 autoreload File /usr/local/lib/python3.12/site-packages/django/urls/conf.py first seen with mtime 1738622466.442533
DEBUG 2025-02-08 18:27:46,057 autoreload File /usr/local/lib/python3.12/site-packages/django/utils/http.py first seen with mtime 1738622466.455533
DEBUG 2025-02-08 18:27:46,058 autoreload File /usr/local/lib/python3.12/site-packages/django/core/checks/urls.py first seen with mtime 1738622466.2535331
DEBUG 2025-02-08 18:27:46,058 autoreload File /usr/local/lib/python3.12/site-packages/django/db/models/indexes.py first seen with mtime 1738622466.353533
DEBUG 2025-02-08 18:27:46,059 autoreload File /usr/local/lib/python3.12/site-packages/django/views/generic/edit.py first seen with mtime 1738622466.475533
DEBUG 2025-02-08 18:27:46,059 autoreload File /usr/local/lib/python3.12/heapq.py first seen with mtime 1723515688.0
DEBUG 2025-02-08 18:27:46,060 autoreload File /usr/local/lib/python3.12/re/_constants.py first seen with mtime 1723515689.0
DEBUG 2025-02-08 18:27:46,060 autoreload File /usr/local/lib/python3.12/asyncio/taskgroups.py first seen with mtime 1723515688.0
DEBUG 2025-02-08 18:27:46,060 autoreload File /usr/local/lib/python3.12/site-packages/django/http/request.py first seen with mtime 1738622466.413533
DEBUG 2025-02-08 18:27:46,061 autoreload File /usr/local/lib/python3.12/email/mime/multipart.py first seen with mtime 1723515688.0
DEBUG 2025-02-08 18:27:46,061 autoreload File /usr/local/lib/python3.12/site-packages/django/contrib/admin/apps.py first seen with mtime 1738622464.206936
DEBUG 2025-02-08 18:27:46,062 autoreload File /usr/local/lib/python3.12/site-packages/django/utils/encoding.py first seen with mtime 1738622466.451533
DEBUG 2025-02-08 18:27:46,062 autoreload File /usr/local/lib/python3.12/email/parser.py first seen with mtime 1723515688.0
DEBUG 2025-02-08 18:27:46,062 autoreload File /usr/local/lib/python3.12/bisect.py first seen with mtime 1723515688.0
DEBUG 2025-02-08 18:27:46,063 autoreload File /usr/local/lib/python3.12/site-packages/django/core/handlers/asgi.py first seen with mtime 1738622466.263533
DEBUG 2025-02-08 18:27:46,063 autoreload File /usr/local/lib/python3.12/wsgiref/util.py first seen with mtime 1723515689.0
DEBUG 2025-02-08 18:27:46,064 autoreload File /usr/local/lib/python3.12/site-packages/django/db/backends/postgresql/introspection.py first seen with mtime 1738622466.3155332
DEBUG 2025-02-08 18:27:46,064 autoreload File /usr/local/lib/python3.12/site-packages/django/core/checks/messages.py first seen with mtime 1738622466.250533
DEBUG 2025-02-08 18:27:46,065 autoreload File /usr/local/lib/python3.12/site-packages/django/db/models/fields/related_lookups.py first seen with mtime 1738622466.364533
DEBUG 2025-02-08 18:27:46,065 autoreload File /usr/local/lib/python3.12/site-packages/django/contrib/auth/checks.py first seen with mtime 1738622464.875533
DEBUG 2025-02-08 18:27:46,065 autoreload File /usr/local/lib/python3.12/site-packages/django/views/generic/detail.py first seen with mtime 1738622466.475533
DEBUG 2025-02-08 18:27:46,066 autoreload File /usr/local/lib/python3.12/site-packages/environ/environ.py first seen with mtime 1738622460.1249359
DEBUG 2025-02-08 18:27:46,066 autoreload File /usr/local/lib/python3.12/reprlib.py first seen with mtime 1723515688.0
DEBUG 2025-02-08 18:27:46,067 autoreload File /usr/local/lib/python3.12/site-packages/django/apps/registry.py first seen with mtime 1738622463.732936
DEBUG 2025-02-08 18:27:46,067 autoreload File /usr/local/lib/python3.12/site-packages/sqlparse/filters/aligned_indent.py first seen with mtime 1738622459.3699358
DEBUG 2025-02-08 18:27:46,068 autoreload File /usr/local/lib/python3.12/site-packages/asgiref/current_thread_executor.py first seen with mtime 1738622461.1359358
DEBUG 2025-02-08 18:27:46,068 autoreload File /usr/local/lib/python3.12/lib-dynload/_socket.cpython-312-x86_64-linux-gnu.so first seen with mtime 1723515699.0
DEBUG 2025-02-08 18:27:46,069 autoreload File /usr/local/lib/python3.12/socket.py first seen with mtime 1723515688.0
DEBUG 2025-02-08 18:27:46,069 autoreload File /usr/local/lib/python3.12/pickle.py first seen with mtime 1723515688.0
DEBUG 2025-02-08 18:27:46,070 autoreload File /usr/local/lib/python3.12/lib-dynload/_blake2.cpython-312-x86_64-linux-gnu.so first seen with mtime 1723515699.0
DEBUG 2025-02-08 18:27:46,070 autoreload File /usr/local/lib/python3.12/json/__init__.py first seen with mtime 1723515689.0
DEBUG 2025-02-08 18:27:46,071 autoreload File /usr/local/lib/python3.12/asyncio/events.py first seen with mtime 1723515688.0
DEBUG 2025-02-08 18:27:46,071 autoreload File /usr/local/lib/python3.12/site-packages/django/core/checks/security/__init__.py first seen with mtime 1738622466.255533
DEBUG 2025-02-08 18:27:46,071 autoreload File /usr/local/lib/python3.12/signal.py first seen with mtime 1723515688.0
DEBUG 2025-02-08 18:27:46,072 autoreload File /usr/local/lib/python3.12/site-packages/django/utils/crypto.py first seen with mtime 1738622466.4475331
DEBUG 2025-02-08 18:27:46,072 autoreload File /usr/local/lib/python3.12/site-packages/psycopg2/sql.py first seen with mtime 1738622459.5599358
DEBUG 2025-02-08 18:27:46,073 autoreload File /usr/local/lib/python3.12/asyncio/base_tasks.py first seen with mtime 1723515688.0
DEBUG 2025-02-08 18:27:46,073 autoreload File /usr/local/lib/python3.12/site-packages/django/utils/safestring.py first seen with mtime 1738622466.459533
DEBUG 2025-02-08 18:27:46,074 autoreload File /usr/local/lib/python3.12/urllib/__init__.py first seen with mtime 1723515689.0
DEBUG 2025-02-08 18:27:46,074 autoreload File /usr/local/lib/python3.12/wsgiref/headers.py first seen with mtime 1723515689.0
DEBUG 2025-02-08 18:27:46,075 autoreload File /usr/local/lib/python3.12/site-packages/django/utils/__init__.py first seen with mtime 1738622466.444533
DEBUG 2025-02-08 18:27:47,150 autoreload File /usr/local/lib/python3.12/site-packages/django/contrib/auth/migrations/0005_alter_user_last_login_null.py first seen with mtime 1738622465.042533
DEBUG 2025-02-08 18:27:47,151 autoreload File /usr/local/lib/python3.12/site-packages/django/db/migrations/executor.py first seen with mtime 1738622466.340533
DEBUG 2025-02-08 18:27:47,152 autoreload File /usr/local/lib/python3.12/site-packages/django/contrib/auth/migrations/0007_alter_validators_add_error_messages.py first seen with mtime 1738622465.042533
DEBUG 2025-02-08 18:27:47,155 autoreload File /usr/local/lib/python3.12/site-packages/django/contrib/auth/migrations/0011_update_proxy_permissions.py first seen with mtime 1738622465.044533
DEBUG 2025-02-08 18:27:47,157 autoreload File /usr/local/lib/python3.12/site-packages/django/db/migrations/graph.py first seen with mtime 1738622466.340533
DEBUG 2025-02-08 18:27:47,158 autoreload File /usr/local/lib/python3.12/site-packages/django/contrib/sessions/migrations/__init__.py first seen with mtime 1738622466.1085331
DEBUG 2025-02-08 18:27:47,159 autoreload File /usr/local/lib/python3.12/site-packages/django/middleware/common.py first seen with mtime 1738622466.416533
DEBUG 2025-02-08 18:27:47,160 autoreload File /usr/local/lib/python3.12/site-packages/django/contrib/auth/migrations/0009_alter_user_last_name_max_length.py first seen with mtime 1738622465.043533
DEBUG 2025-02-08 18:27:47,162 autoreload File /usr/local/lib/python3.12/site-packages/django/contrib/admin/migrations/__init__.py first seen with mtime 1738622464.456533
DEBUG 2025-02-08 18:27:47,162 autoreload File /usr/local/lib/python3.12/site-packages/django/contrib/contenttypes/migrations/0002_remove_content_type_name.py first seen with mtime 1738622465.171533
DEBUG 2025-02-08 18:27:47,163 autoreload File /usr/local/lib/python3.12/site-packages/django/contrib/sessions/exceptions.py first seen with mtime 1738622465.995533
DEBUG 2025-02-08 18:27:47,165 autoreload File /usr/local/lib/python3.12/site-packages/django/contrib/contenttypes/migrations/__init__.py first seen with mtime 1738622465.172533
DEBUG 2025-02-08 18:27:47,165 autoreload File /usr/local/lib/python3.12/site-packages/django/contrib/contenttypes/migrations/0001_initial.py first seen with mtime 1738622465.171533
DEBUG 2025-02-08 18:27:47,166 autoreload File /usr/local/lib/python3.12/site-packages/django/views/csrf.py first seen with mtime 1738622466.467533
DEBUG 2025-02-08 18:27:47,166 autoreload File /usr/local/lib/python3.12/site-packages/django/contrib/auth/migrations/0001_initial.py first seen with mtime 1738622465.040533
DEBUG 2025-02-08 18:27:47,167 autoreload File /usr/local/lib/python3.12/site-packages/django/contrib/messages/middleware.py first seen with mtime 1738622465.657533
DEBUG 2025-02-08 18:27:47,167 autoreload File /usr/local/lib/python3.12/site-packages/django/db/migrations/loader.py first seen with mtime 1738622466.341533
DEBUG 2025-02-08 18:27:47,168 autoreload File /usr/local/lib/python3.12/site-packages/django/contrib/auth/migrations/0004_alter_user_username_opts.py first seen with mtime 1738622465.041533
DEBUG 2025-02-08 18:27:47,168 autoreload File /usr/local/lib/python3.12/site-packages/django/contrib/sessions/migrations/0001_initial.py first seen with mtime 1738622466.1085331
DEBUG 2025-02-08 18:27:47,170 autoreload File /usr/local/lib/python3.12/site-packages/django/contrib/auth/migrations/0003_alter_user_email_max_length.py first seen with mtime 1738622465.041533
DEBUG 2025-02-08 18:27:47,170 autoreload File /usr/local/lib/python3.12/site-packages/django/contrib/auth/migrations/0010_alter_group_name_max_length.py first seen with mtime 1738622465.043533
DEBUG 2025-02-08 18:27:47,171 autoreload File /usr/local/lib/python3.12/site-packages/django/contrib/admin/migrations/0003_logentry_add_action_flag_choices.py first seen with mtime 1738622464.455533
DEBUG 2025-02-08 18:27:47,172 autoreload File /usr/local/lib/python3.12/site-packages/django/contrib/auth/migrations/0006_require_contenttypes_0002.py first seen with mtime 1738622465.042533
DEBUG 2025-02-08 18:27:47,173 autoreload File /usr/local/lib/python3.12/site-packages/django/core/cache/backends/locmem.py first seen with mtime 1738622466.2435331
DEBUG 2025-02-08 18:27:47,173 autoreload File /usr/local/lib/python3.12/site-packages/django/contrib/admin/migrations/0002_logentry_remove_auto_add.py first seen with mtime 1738622464.455533
DEBUG 2025-02-08 18:27:47,174 autoreload File /usr/local/lib/python3.12/site-packages/django/contrib/auth/migrations/0002_alter_permission_name_max_length.py first seen with mtime 1738622465.040533
DEBUG 2025-02-08 18:27:47,175 autoreload File /usr/local/lib/python3.12/site-packages/django/contrib/auth/migrations/__init__.py first seen with mtime 1738622465.044533
DEBUG 2025-02-08 18:27:47,175 autoreload File /usr/local/lib/python3.12/site-packages/django/db/migrations/recorder.py first seen with mtime 1738622466.342533
DEBUG 2025-02-08 18:27:47,176 autoreload File /usr/local/lib/python3.12/site-packages/django/contrib/auth/migrations/0008_alter_user_username_max_length.py first seen with mtime 1738622465.043533
DEBUG 2025-02-08 18:27:47,176 autoreload File /usr/local/lib/python3.12/site-packages/django/views/defaults.py first seen with mtime 1738622466.467533
DEBUG 2025-02-08 18:27:47,177 autoreload File /usr/local/lib/python3.12/site-packages/django/contrib/admin/migrations/0001_initial.py first seen with mtime 1738622464.455533
DEBUG 2025-02-08 18:27:47,178 autoreload File /usr/local/lib/python3.12/site-packages/django/conf/urls/__init__.py first seen with mtime 1738622464.202936
DEBUG 2025-02-08 18:27:47,178 autoreload File /usr/local/lib/python3.12/site-packages/django/contrib/auth/migrations/0012_alter_user_first_name_max_length.py first seen with mtime 1738622465.044533
